{"/Users/paulgiurin/Documents/GitHub/dashboard/server/utils/auth.ts": {"path":"/Users/paulgiurin/Documents/GitHub/dashboard/server/utils/auth.ts","statementMap":{"0":{"start":{"line":6,"column":6},"end":{"line":6,"column":null}},"1":{"start":{"line":13,"column":8},"end":{"line":13,"column":null}},"2":{"start":{"line":14,"column":22},"end":{"line":14,"column":null}},"3":{"start":{"line":15,"column":2},"end":{"line":15,"column":null}},"4":{"start":{"line":19,"column":22},"end":{"line":19,"column":null}},"5":{"start":{"line":20,"column":2},"end":{"line":20,"column":null}},"6":{"start":{"line":20,"column":21},"end":{"line":20,"column":null}},"7":{"start":{"line":21,"column":22},"end":{"line":21,"column":null}},"8":{"start":{"line":22,"column":20},"end":{"line":22,"column":null}},"9":{"start":{"line":23,"column":2},"end":{"line":23,"column":null}},"10":{"start":{"line":31,"column":2},"end":{"line":31,"column":null}},"11":{"start":{"line":35,"column":2},"end":{"line":35,"column":null}},"12":{"start":{"line":49,"column":19},"end":{"line":49,"column":null}},"13":{"start":{"line":52,"column":14},"end":{"line":52,"column":null}},"14":{"start":{"line":53,"column":31},"end":{"line":53,"column":null}},"15":{"start":{"line":54,"column":15},"end":{"line":54,"column":null}},"16":{"start":{"line":55,"column":17},"end":{"line":55,"column":null}},"17":{"start":{"line":56,"column":8},"end":{"line":56,"column":null}},"18":{"start":{"line":57,"column":2},"end":{"line":57,"column":null}},"19":{"start":{"line":61,"column":2},"end":{"line":80,"column":null}},"20":{"start":{"line":62,"column":32},"end":{"line":62,"column":null}},"21":{"start":{"line":63,"column":4},"end":{"line":63,"column":null}},"22":{"start":{"line":63,"column":31},"end":{"line":63,"column":null}},"23":{"start":{"line":64,"column":10},"end":{"line":64,"column":null}},"24":{"start":{"line":66,"column":4},"end":{"line":68,"column":null}},"25":{"start":{"line":67,"column":6},"end":{"line":67,"column":null}},"26":{"start":{"line":70,"column":17},"end":{"line":70,"column":null}},"27":{"start":{"line":71,"column":36},"end":{"line":71,"column":null}},"28":{"start":{"line":73,"column":4},"end":{"line":75,"column":null}},"29":{"start":{"line":74,"column":6},"end":{"line":74,"column":null}},"30":{"start":{"line":77,"column":4},"end":{"line":77,"column":null}},"31":{"start":{"line":79,"column":4},"end":{"line":79,"column":null}},"32":{"start":{"line":103,"column":16},"end":{"line":103,"column":null}},"33":{"start":{"line":104,"column":20},"end":{"line":104,"column":null}},"34":{"start":{"line":105,"column":20},"end":{"line":105,"column":null}},"35":{"start":{"line":108,"column":19},"end":{"line":108,"column":null}},"36":{"start":{"line":109,"column":18},"end":{"line":109,"column":null}},"37":{"start":{"line":111,"column":2},"end":{"line":121,"column":null}},"38":{"start":{"line":112,"column":22},"end":{"line":112,"column":null}},"39":{"start":{"line":113,"column":4},"end":{"line":113,"column":null}},"40":{"start":{"line":115,"column":4},"end":{"line":120,"column":null}},"41":{"start":{"line":116,"column":6},"end":{"line":119,"column":null}},"42":{"start":{"line":123,"column":2},"end":{"line":127,"column":null}},"43":{"start":{"line":129,"column":2},"end":{"line":129,"column":null}},"44":{"start":{"line":133,"column":20},"end":{"line":133,"column":null}},"45":{"start":{"line":135,"column":18},"end":{"line":148,"column":null}},"46":{"start":{"line":150,"column":2},"end":{"line":152,"column":null}},"47":{"start":{"line":151,"column":4},"end":{"line":151,"column":null}},"48":{"start":{"line":155,"column":2},"end":{"line":155,"column":null}},"49":{"start":{"line":158,"column":2},"end":{"line":158,"column":null}},"50":{"start":{"line":160,"column":2},"end":{"line":167,"column":null}},"51":{"start":{"line":171,"column":20},"end":{"line":171,"column":null}},"52":{"start":{"line":172,"column":2},"end":{"line":172,"column":null}},"53":{"start":{"line":176,"column":2},"end":{"line":176,"column":null}},"54":{"start":{"line":185,"column":21},"end":{"line":185,"column":null}},"55":{"start":{"line":186,"column":2},"end":{"line":189,"column":null}},"56":{"start":{"line":187,"column":18},"end":{"line":187,"column":null}},"57":{"start":{"line":188,"column":4},"end":{"line":188,"column":null}},"58":{"start":{"line":192,"column":16},"end":{"line":192,"column":null}},"59":{"start":{"line":193,"column":2},"end":{"line":195,"column":null}},"60":{"start":{"line":194,"column":4},"end":{"line":194,"column":null}},"61":{"start":{"line":197,"column":2},"end":{"line":197,"column":null}},"62":{"start":{"line":201,"column":15},"end":{"line":201,"column":null}},"63":{"start":{"line":203,"column":2},"end":{"line":208,"column":null}},"64":{"start":{"line":204,"column":4},"end":{"line":207,"column":null}},"65":{"start":{"line":210,"column":2},"end":{"line":210,"column":null}},"66":{"start":{"line":214,"column":15},"end":{"line":214,"column":null}},"67":{"start":{"line":216,"column":2},"end":{"line":221,"column":null}},"68":{"start":{"line":217,"column":4},"end":{"line":220,"column":null}},"69":{"start":{"line":223,"column":2},"end":{"line":223,"column":null}},"70":{"start":{"line":236,"column":17},"end":{"line":238,"column":null}},"71":{"start":{"line":240,"column":2},"end":{"line":240,"column":null}},"72":{"start":{"line":249,"column":15},"end":{"line":249,"column":null}},"73":{"start":{"line":251,"column":18},"end":{"line":251,"column":null}},"74":{"start":{"line":253,"column":2},"end":{"line":258,"column":null}},"75":{"start":{"line":254,"column":4},"end":{"line":257,"column":null}},"76":{"start":{"line":260,"column":2},"end":{"line":260,"column":null}},"77":{"start":{"line":273,"column":15},"end":{"line":283,"column":null}},"78":{"start":{"line":285,"column":2},"end":{"line":285,"column":null}},"79":{"start":{"line":285,"column":13},"end":{"line":285,"column":null}},"80":{"start":{"line":288,"column":2},"end":{"line":290,"column":null}},"81":{"start":{"line":289,"column":4},"end":{"line":289,"column":null}},"82":{"start":{"line":293,"column":2},"end":{"line":299,"column":null}},"83":{"start":{"line":295,"column":4},"end":{"line":297,"column":null}},"84":{"start":{"line":296,"column":6},"end":{"line":296,"column":null}},"85":{"start":{"line":298,"column":4},"end":{"line":298,"column":null}},"86":{"start":{"line":302,"column":2},"end":{"line":308,"column":null}},"87":{"start":{"line":304,"column":4},"end":{"line":306,"column":null}},"88":{"start":{"line":305,"column":6},"end":{"line":305,"column":null}},"89":{"start":{"line":307,"column":4},"end":{"line":307,"column":null}},"90":{"start":{"line":311,"column":2},"end":{"line":331,"column":null}},"91":{"start":{"line":313,"column":17},"end":{"line":321,"column":null}},"92":{"start":{"line":323,"column":4},"end":{"line":330,"column":null}},"93":{"start":{"line":324,"column":6},"end":{"line":329,"column":null}},"94":{"start":{"line":325,"column":21},"end":{"line":325,"column":null}},"95":{"start":{"line":326,"column":21},"end":{"line":326,"column":null}},"96":{"start":{"line":327,"column":23},"end":{"line":327,"column":null}},"97":{"start":{"line":328,"column":23},"end":{"line":328,"column":null}},"98":{"start":{"line":333,"column":2},"end":{"line":333,"column":null}},"99":{"start":{"line":341,"column":15},"end":{"line":341,"column":null}},"100":{"start":{"line":343,"column":18},"end":{"line":343,"column":null}},"101":{"start":{"line":345,"column":2},"end":{"line":350,"column":null}},"102":{"start":{"line":346,"column":4},"end":{"line":349,"column":null}},"103":{"start":{"line":352,"column":2},"end":{"line":352,"column":null}},"104":{"start":{"line":369,"column":18},"end":{"line":369,"column":null}},"105":{"start":{"line":370,"column":18},"end":{"line":370,"column":null}},"106":{"start":{"line":372,"column":2},"end":{"line":376,"column":null}},"107":{"start":{"line":373,"column":4},"end":{"line":374,"column":null}},"108":{"start":{"line":375,"column":4},"end":{"line":375,"column":null}},"109":{"start":{"line":378,"column":2},"end":{"line":390,"column":null}}},"fnMap":{"0":{"name":"hashPassword","decl":{"start":{"line":12,"column":22},"end":{"line":12,"column":35}},"loc":{"start":{"line":12,"column":70},"end":{"line":16,"column":null}},"line":12},"1":{"name":"verifyPassword","decl":{"start":{"line":18,"column":22},"end":{"line":18,"column":37}},"loc":{"start":{"line":18,"column":87},"end":{"line":24,"column":null}},"line":18},"2":{"name":"generateToken","decl":{"start":{"line":30,"column":16},"end":{"line":30,"column":30}},"loc":{"start":{"line":30,"column":59},"end":{"line":32,"column":null}},"line":30},"3":{"name":"hashToken","decl":{"start":{"line":34,"column":16},"end":{"line":34,"column":26}},"loc":{"start":{"line":34,"column":49},"end":{"line":36,"column":null}},"line":34},"4":{"name":"createSessionToken","decl":{"start":{"line":51,"column":16},"end":{"line":51,"column":35}},"loc":{"start":{"line":51,"column":114},"end":{"line":58,"column":null}},"line":51},"5":{"name":"verifySessionToken","decl":{"start":{"line":60,"column":16},"end":{"line":60,"column":35}},"loc":{"start":{"line":60,"column":73},"end":{"line":81,"column":null}},"line":60},"6":{"name":"createSession","decl":{"start":{"line":99,"column":22},"end":{"line":99,"column":null}},"loc":{"start":{"line":102,"column":47},"end":{"line":130,"column":null}},"line":102},"7":{"name":"validateSession","decl":{"start":{"line":132,"column":22},"end":{"line":132,"column":38}},"loc":{"start":{"line":132,"column":75},"end":{"line":168,"column":null}},"line":132},"8":{"name":"invalidateSession","decl":{"start":{"line":170,"column":22},"end":{"line":170,"column":40}},"loc":{"start":{"line":170,"column":70},"end":{"line":173,"column":null}},"line":170},"9":{"name":"invalidateAllSessions","decl":{"start":{"line":175,"column":22},"end":{"line":175,"column":44}},"loc":{"start":{"line":175,"column":75},"end":{"line":177,"column":null}},"line":175},"10":{"name":"getAuthUser","decl":{"start":{"line":183,"column":22},"end":{"line":183,"column":34}},"loc":{"start":{"line":183,"column":72},"end":{"line":198,"column":null}},"line":183},"11":{"name":"requireAuth","decl":{"start":{"line":200,"column":22},"end":{"line":200,"column":34}},"loc":{"start":{"line":200,"column":65},"end":{"line":211,"column":null}},"line":200},"12":{"name":"requireRole","decl":{"start":{"line":213,"column":22},"end":{"line":213,"column":34}},"loc":{"start":{"line":213,"column":82},"end":{"line":224,"column":null}},"line":213},"13":{"name":"checkPermission","decl":{"start":{"line":230,"column":22},"end":{"line":230,"column":null}},"loc":{"start":{"line":235,"column":20},"end":{"line":241,"column":null}},"line":235},"14":{"name":"requirePermission","decl":{"start":{"line":243,"column":22},"end":{"line":243,"column":null}},"loc":{"start":{"line":248,"column":17},"end":{"line":261,"column":null}},"line":248},"15":{"name":"canAccessPricing","decl":{"start":{"line":267,"column":22},"end":{"line":267,"column":null}},"loc":{"start":{"line":271,"column":20},"end":{"line":334,"column":null}},"line":271},"16":{"name":"requirePricingAccess","decl":{"start":{"line":336,"column":22},"end":{"line":336,"column":null}},"loc":{"start":{"line":340,"column":17},"end":{"line":353,"column":null}},"line":340},"17":{"name":"logActivity","decl":{"start":{"line":359,"column":22},"end":{"line":359,"column":34}},"loc":{"start":{"line":368,"column":18},"end":{"line":391,"column":null}},"line":368}},"branchMap":{"0":{"loc":{"start":{"line":20,"column":2},"end":{"line":20,"column":null}},"type":"if","locations":[{"start":{"line":20,"column":2},"end":{"line":20,"column":null}},{"start":{},"end":{}}],"line":20},"1":{"loc":{"start":{"line":20,"column":6},"end":{"line":20,"column":21}},"type":"binary-expr","locations":[{"start":{"line":20,"column":6},"end":{"line":20,"column":15}},{"start":{"line":20,"column":15},"end":{"line":20,"column":21}}],"line":20},"2":{"loc":{"start":{"line":30,"column":30},"end":{"line":30,"column":59}},"type":"default-arg","locations":[{"start":{"line":30,"column":47},"end":{"line":30,"column":59}}],"line":30},"3":{"loc":{"start":{"line":49,"column":19},"end":{"line":49,"column":null}},"type":"binary-expr","locations":[{"start":{"line":49,"column":19},"end":{"line":49,"column":45}},{"start":{"line":49,"column":45},"end":{"line":49,"column":null}}],"line":49},"4":{"loc":{"start":{"line":51,"column":73},"end":{"line":51,"column":114}},"type":"default-arg","locations":[{"start":{"line":51,"column":98},"end":{"line":51,"column":114}}],"line":51},"5":{"loc":{"start":{"line":63,"column":4},"end":{"line":63,"column":null}},"type":"if","locations":[{"start":{"line":63,"column":4},"end":{"line":63,"column":null}},{"start":{},"end":{}}],"line":63},"6":{"loc":{"start":{"line":63,"column":8},"end":{"line":63,"column":31}},"type":"binary-expr","locations":[{"start":{"line":63,"column":8},"end":{"line":63,"column":19}},{"start":{"line":63,"column":19},"end":{"line":63,"column":31}}],"line":63},"7":{"loc":{"start":{"line":66,"column":4},"end":{"line":68,"column":null}},"type":"if","locations":[{"start":{"line":66,"column":4},"end":{"line":68,"column":null}},{"start":{},"end":{}}],"line":66},"8":{"loc":{"start":{"line":73,"column":4},"end":{"line":75,"column":null}},"type":"if","locations":[{"start":{"line":73,"column":4},"end":{"line":75,"column":null}},{"start":{},"end":{}}],"line":73},"9":{"loc":{"start":{"line":111,"column":2},"end":{"line":121,"column":null}},"type":"if","locations":[{"start":{"line":111,"column":2},"end":{"line":121,"column":null}},{"start":{},"end":{}}],"line":111},"10":{"loc":{"start":{"line":113,"column":16},"end":{"line":113,"column":null}},"type":"binary-expr","locations":[{"start":{"line":113,"column":16},"end":{"line":113,"column":70}},{"start":{"line":113,"column":70},"end":{"line":113,"column":null}}],"line":113},"11":{"loc":{"start":{"line":115,"column":4},"end":{"line":120,"column":null}},"type":"if","locations":[{"start":{"line":115,"column":4},"end":{"line":120,"column":null}},{"start":{},"end":{}}],"line":115},"12":{"loc":{"start":{"line":117,"column":17},"end":{"line":117,"column":null}},"type":"binary-expr","locations":[{"start":{"line":117,"column":17},"end":{"line":117,"column":80}},{"start":{"line":117,"column":80},"end":{"line":117,"column":null}}],"line":117},"13":{"loc":{"start":{"line":118,"column":12},"end":{"line":118,"column":null}},"type":"binary-expr","locations":[{"start":{"line":118,"column":12},"end":{"line":118,"column":72}},{"start":{"line":118,"column":72},"end":{"line":118,"column":null}}],"line":118},"14":{"loc":{"start":{"line":127,"column":25},"end":{"line":127,"column":73}},"type":"cond-expr","locations":[{"start":{"line":127,"column":38},"end":{"line":127,"column":67}},{"start":{"line":127,"column":67},"end":{"line":127,"column":73}}],"line":127},"15":{"loc":{"start":{"line":150,"column":2},"end":{"line":152,"column":null}},"type":"if","locations":[{"start":{"line":150,"column":2},"end":{"line":152,"column":null}},{"start":{},"end":{}}],"line":150},"16":{"loc":{"start":{"line":186,"column":2},"end":{"line":189,"column":null}},"type":"if","locations":[{"start":{"line":186,"column":2},"end":{"line":189,"column":null}},{"start":{},"end":{}}],"line":186},"17":{"loc":{"start":{"line":193,"column":2},"end":{"line":195,"column":null}},"type":"if","locations":[{"start":{"line":193,"column":2},"end":{"line":195,"column":null}},{"start":{},"end":{}}],"line":193},"18":{"loc":{"start":{"line":203,"column":2},"end":{"line":208,"column":null}},"type":"if","locations":[{"start":{"line":203,"column":2},"end":{"line":208,"column":null}},{"start":{},"end":{}}],"line":203},"19":{"loc":{"start":{"line":216,"column":2},"end":{"line":221,"column":null}},"type":"if","locations":[{"start":{"line":216,"column":2},"end":{"line":221,"column":null}},{"start":{},"end":{}}],"line":216},"20":{"loc":{"start":{"line":253,"column":2},"end":{"line":258,"column":null}},"type":"if","locations":[{"start":{"line":253,"column":2},"end":{"line":258,"column":null}},{"start":{},"end":{}}],"line":253},"21":{"loc":{"start":{"line":285,"column":2},"end":{"line":285,"column":null}},"type":"if","locations":[{"start":{"line":285,"column":2},"end":{"line":285,"column":null}},{"start":{},"end":{}}],"line":285},"22":{"loc":{"start":{"line":288,"column":2},"end":{"line":290,"column":null}},"type":"if","locations":[{"start":{"line":288,"column":2},"end":{"line":290,"column":null}},{"start":{},"end":{}}],"line":288},"23":{"loc":{"start":{"line":288,"column":6},"end":{"line":288,"column":64}},"type":"binary-expr","locations":[{"start":{"line":288,"column":6},"end":{"line":288,"column":36}},{"start":{"line":288,"column":36},"end":{"line":288,"column":64}}],"line":288},"24":{"loc":{"start":{"line":293,"column":2},"end":{"line":299,"column":null}},"type":"if","locations":[{"start":{"line":293,"column":2},"end":{"line":299,"column":null}},{"start":{},"end":{}}],"line":293},"25":{"loc":{"start":{"line":295,"column":4},"end":{"line":297,"column":null}},"type":"if","locations":[{"start":{"line":295,"column":4},"end":{"line":297,"column":null}},{"start":{},"end":{}}],"line":295},"26":{"loc":{"start":{"line":295,"column":8},"end":{"line":295,"column":67}},"type":"binary-expr","locations":[{"start":{"line":295,"column":8},"end":{"line":295,"column":42}},{"start":{"line":295,"column":42},"end":{"line":295,"column":67}}],"line":295},"27":{"loc":{"start":{"line":302,"column":2},"end":{"line":308,"column":null}},"type":"if","locations":[{"start":{"line":302,"column":2},"end":{"line":308,"column":null}},{"start":{},"end":{}}],"line":302},"28":{"loc":{"start":{"line":304,"column":4},"end":{"line":306,"column":null}},"type":"if","locations":[{"start":{"line":304,"column":4},"end":{"line":306,"column":null}},{"start":{},"end":{}}],"line":304},"29":{"loc":{"start":{"line":304,"column":8},"end":{"line":304,"column":67}},"type":"binary-expr","locations":[{"start":{"line":304,"column":8},"end":{"line":304,"column":42}},{"start":{"line":304,"column":42},"end":{"line":304,"column":67}}],"line":304},"30":{"loc":{"start":{"line":311,"column":2},"end":{"line":331,"column":null}},"type":"if","locations":[{"start":{"line":311,"column":2},"end":{"line":331,"column":null}},{"start":{},"end":{}}],"line":311},"31":{"loc":{"start":{"line":311,"column":6},"end":{"line":311,"column":66}},"type":"binary-expr","locations":[{"start":{"line":311,"column":6},"end":{"line":311,"column":37}},{"start":{"line":311,"column":37},"end":{"line":311,"column":66}}],"line":311},"32":{"loc":{"start":{"line":323,"column":4},"end":{"line":330,"column":null}},"type":"if","locations":[{"start":{"line":323,"column":4},"end":{"line":330,"column":null}},{"start":{},"end":{}}],"line":323},"33":{"loc":{"start":{"line":324,"column":6},"end":{"line":329,"column":null}},"type":"switch","locations":[{"start":{"line":325,"column":8},"end":{"line":325,"column":null}},{"start":{"line":326,"column":8},"end":{"line":326,"column":null}},{"start":{"line":327,"column":8},"end":{"line":327,"column":null}},{"start":{"line":328,"column":8},"end":{"line":328,"column":null}}],"line":324},"34":{"loc":{"start":{"line":345,"column":2},"end":{"line":350,"column":null}},"type":"if","locations":[{"start":{"line":345,"column":2},"end":{"line":350,"column":null}},{"start":{},"end":{}}],"line":345},"35":{"loc":{"start":{"line":372,"column":2},"end":{"line":376,"column":null}},"type":"if","locations":[{"start":{"line":372,"column":2},"end":{"line":376,"column":null}},{"start":{},"end":{}}],"line":372},"36":{"loc":{"start":{"line":373,"column":16},"end":{"line":374,"column":null}},"type":"binary-expr","locations":[{"start":{"line":373,"column":16},"end":{"line":373,"column":null}},{"start":{"line":374,"column":6},"end":{"line":374,"column":null}}],"line":373},"37":{"loc":{"start":{"line":382,"column":4},"end":{"line":382,"column":null}},"type":"binary-expr","locations":[{"start":{"line":382,"column":4},"end":{"line":382,"column":21}},{"start":{"line":382,"column":21},"end":{"line":382,"column":null}}],"line":382},"38":{"loc":{"start":{"line":384,"column":4},"end":{"line":384,"column":null}},"type":"binary-expr","locations":[{"start":{"line":384,"column":4},"end":{"line":384,"column":27}},{"start":{"line":384,"column":27},"end":{"line":384,"column":null}}],"line":384},"39":{"loc":{"start":{"line":385,"column":4},"end":{"line":385,"column":null}},"type":"binary-expr","locations":[{"start":{"line":385,"column":4},"end":{"line":385,"column":25}},{"start":{"line":385,"column":25},"end":{"line":385,"column":null}}],"line":385},"40":{"loc":{"start":{"line":386,"column":4},"end":{"line":386,"column":null}},"type":"cond-expr","locations":[{"start":{"line":386,"column":23},"end":{"line":386,"column":58}},{"start":{"line":386,"column":58},"end":{"line":386,"column":null}}],"line":386},"41":{"loc":{"start":{"line":387,"column":4},"end":{"line":387,"column":null}},"type":"cond-expr","locations":[{"start":{"line":387,"column":23},"end":{"line":387,"column":58}},{"start":{"line":387,"column":58},"end":{"line":387,"column":null}}],"line":387}},"s":{"0":1,"1":8,"2":8,"3":8,"4":9,"5":9,"6":4,"7":5,"8":5,"9":5,"10":107,"11":19,"12":1,"13":7,"14":7,"15":7,"16":7,"17":7,"18":7,"19":11,"20":11,"21":11,"22":3,"23":8,"24":8,"25":4,"26":4,"27":4,"28":4,"29":1,"30":3,"31":0,"32":3,"33":3,"34":3,"35":3,"36":3,"37":3,"38":1,"39":1,"40":1,"41":1,"42":3,"43":3,"44":10,"45":10,"46":10,"47":1,"48":9,"49":9,"50":9,"51":1,"52":1,"53":1,"54":9,"55":9,"56":6,"57":6,"58":3,"59":3,"60":1,"61":2,"62":6,"63":6,"64":1,"65":5,"66":2,"67":2,"68":1,"69":1,"70":4,"71":4,"72":1,"73":1,"74":1,"75":1,"76":0,"77":11,"78":11,"79":1,"80":10,"81":3,"82":7,"83":3,"84":1,"85":2,"86":4,"87":2,"88":1,"89":1,"90":2,"91":2,"92":2,"93":1,"94":1,"95":0,"96":0,"97":0,"98":1,"99":1,"100":1,"101":1,"102":1,"103":0,"104":3,"105":3,"106":3,"107":1,"108":1,"109":3},"f":{"0":8,"1":9,"2":107,"3":19,"4":7,"5":11,"6":3,"7":10,"8":1,"9":1,"10":9,"11":6,"12":2,"13":4,"14":1,"15":11,"16":1,"17":3},"b":{"0":[4,5],"1":[9,7],"2":[107],"3":[1,0],"4":[7],"5":[3,8],"6":[11,9],"7":[4,4],"8":[1,3],"9":[1,2],"10":[1,0],"11":[1,0],"12":[1,0],"13":[1,1],"14":[1,2],"15":[1,9],"16":[6,3],"17":[1,2],"18":[1,5],"19":[1,1],"20":[1,0],"21":[1,10],"22":[3,7],"23":[10,8],"24":[3,4],"25":[1,2],"26":[3,2],"27":[2,2],"28":[1,1],"29":[2,1],"30":[2,0],"31":[2,1],"32":[1,1],"33":[1,0,0,0],"34":[1,0],"35":[1,2],"36":[1,0],"37":[3,2],"38":[3,2],"39":[3,2],"40":[1,2],"41":[1,2]},"meta":{"lastBranch":42,"lastFunction":18,"lastStatement":110,"seen":{"s:6:6:6:Infinity":0,"f:12:22:12:35":0,"s:13:8:13:Infinity":1,"s:14:22:14:Infinity":2,"s:15:2:15:Infinity":3,"f:18:22:18:37":1,"s:19:22:19:Infinity":4,"b:20:2:20:Infinity:undefined:undefined:undefined:undefined":0,"s:20:2:20:Infinity":5,"b:20:6:20:15:20:15:20:21":1,"s:20:21:20:Infinity":6,"s:21:22:21:Infinity":7,"s:22:20:22:Infinity":8,"s:23:2:23:Infinity":9,"f:30:16:30:30":2,"b:30:47:30:59":2,"s:31:2:31:Infinity":10,"f:34:16:34:26":3,"s:35:2:35:Infinity":11,"s:49:19:49:Infinity":12,"b:49:19:49:45:49:45:49:Infinity":3,"f:51:16:51:35":4,"b:51:98:51:114":4,"s:52:14:52:Infinity":13,"s:53:31:53:Infinity":14,"s:54:15:54:Infinity":15,"s:55:17:55:Infinity":16,"s:56:8:56:Infinity":17,"s:57:2:57:Infinity":18,"f:60:16:60:35":5,"s:61:2:80:Infinity":19,"s:62:32:62:Infinity":20,"b:63:4:63:Infinity:undefined:undefined:undefined:undefined":5,"s:63:4:63:Infinity":21,"b:63:8:63:19:63:19:63:31":6,"s:63:31:63:Infinity":22,"s:64:10:64:Infinity":23,"b:66:4:68:Infinity:undefined:undefined:undefined:undefined":7,"s:66:4:68:Infinity":24,"s:67:6:67:Infinity":25,"s:70:17:70:Infinity":26,"s:71:36:71:Infinity":27,"b:73:4:75:Infinity:undefined:undefined:undefined:undefined":8,"s:73:4:75:Infinity":28,"s:74:6:74:Infinity":29,"s:77:4:77:Infinity":30,"s:79:4:79:Infinity":31,"f:99:22:99:Infinity":6,"s:103:16:103:Infinity":32,"s:104:20:104:Infinity":33,"s:105:20:105:Infinity":34,"s:108:19:108:Infinity":35,"s:109:18:109:Infinity":36,"b:111:2:121:Infinity:undefined:undefined:undefined:undefined":9,"s:111:2:121:Infinity":37,"s:112:22:112:Infinity":38,"s:113:4:113:Infinity":39,"b:113:16:113:70:113:70:113:Infinity":10,"b:115:4:120:Infinity:undefined:undefined:undefined:undefined":11,"s:115:4:120:Infinity":40,"s:116:6:119:Infinity":41,"b:117:17:117:80:117:80:117:Infinity":12,"b:118:12:118:72:118:72:118:Infinity":13,"s:123:2:127:Infinity":42,"b:127:38:127:67:127:67:127:73":14,"s:129:2:129:Infinity":43,"f:132:22:132:38":7,"s:133:20:133:Infinity":44,"s:135:18:148:Infinity":45,"b:150:2:152:Infinity:undefined:undefined:undefined:undefined":15,"s:150:2:152:Infinity":46,"s:151:4:151:Infinity":47,"s:155:2:155:Infinity":48,"s:158:2:158:Infinity":49,"s:160:2:167:Infinity":50,"f:170:22:170:40":8,"s:171:20:171:Infinity":51,"s:172:2:172:Infinity":52,"f:175:22:175:44":9,"s:176:2:176:Infinity":53,"f:183:22:183:34":10,"s:185:21:185:Infinity":54,"b:186:2:189:Infinity:undefined:undefined:undefined:undefined":16,"s:186:2:189:Infinity":55,"s:187:18:187:Infinity":56,"s:188:4:188:Infinity":57,"s:192:16:192:Infinity":58,"b:193:2:195:Infinity:undefined:undefined:undefined:undefined":17,"s:193:2:195:Infinity":59,"s:194:4:194:Infinity":60,"s:197:2:197:Infinity":61,"f:200:22:200:34":11,"s:201:15:201:Infinity":62,"b:203:2:208:Infinity:undefined:undefined:undefined:undefined":18,"s:203:2:208:Infinity":63,"s:204:4:207:Infinity":64,"s:210:2:210:Infinity":65,"f:213:22:213:34":12,"s:214:15:214:Infinity":66,"b:216:2:221:Infinity:undefined:undefined:undefined:undefined":19,"s:216:2:221:Infinity":67,"s:217:4:220:Infinity":68,"s:223:2:223:Infinity":69,"f:230:22:230:Infinity":13,"s:236:17:238:Infinity":70,"s:240:2:240:Infinity":71,"f:243:22:243:Infinity":14,"s:249:15:249:Infinity":72,"s:251:18:251:Infinity":73,"b:253:2:258:Infinity:undefined:undefined:undefined:undefined":20,"s:253:2:258:Infinity":74,"s:254:4:257:Infinity":75,"s:260:2:260:Infinity":76,"f:267:22:267:Infinity":15,"s:273:15:283:Infinity":77,"b:285:2:285:Infinity:undefined:undefined:undefined:undefined":21,"s:285:2:285:Infinity":78,"s:285:13:285:Infinity":79,"b:288:2:290:Infinity:undefined:undefined:undefined:undefined":22,"s:288:2:290:Infinity":80,"b:288:6:288:36:288:36:288:64":23,"s:289:4:289:Infinity":81,"b:293:2:299:Infinity:undefined:undefined:undefined:undefined":24,"s:293:2:299:Infinity":82,"b:295:4:297:Infinity:undefined:undefined:undefined:undefined":25,"s:295:4:297:Infinity":83,"b:295:8:295:42:295:42:295:67":26,"s:296:6:296:Infinity":84,"s:298:4:298:Infinity":85,"b:302:2:308:Infinity:undefined:undefined:undefined:undefined":27,"s:302:2:308:Infinity":86,"b:304:4:306:Infinity:undefined:undefined:undefined:undefined":28,"s:304:4:306:Infinity":87,"b:304:8:304:42:304:42:304:67":29,"s:305:6:305:Infinity":88,"s:307:4:307:Infinity":89,"b:311:2:331:Infinity:undefined:undefined:undefined:undefined":30,"s:311:2:331:Infinity":90,"b:311:6:311:37:311:37:311:66":31,"s:313:17:321:Infinity":91,"b:323:4:330:Infinity:undefined:undefined:undefined:undefined":32,"s:323:4:330:Infinity":92,"b:325:8:325:Infinity:326:8:326:Infinity:327:8:327:Infinity:328:8:328:Infinity":33,"s:324:6:329:Infinity":93,"s:325:21:325:Infinity":94,"s:326:21:326:Infinity":95,"s:327:23:327:Infinity":96,"s:328:23:328:Infinity":97,"s:333:2:333:Infinity":98,"f:336:22:336:Infinity":16,"s:341:15:341:Infinity":99,"s:343:18:343:Infinity":100,"b:345:2:350:Infinity:undefined:undefined:undefined:undefined":34,"s:345:2:350:Infinity":101,"s:346:4:349:Infinity":102,"s:352:2:352:Infinity":103,"f:359:22:359:34":17,"s:369:18:369:Infinity":104,"s:370:18:370:Infinity":105,"b:372:2:376:Infinity:undefined:undefined:undefined:undefined":35,"s:372:2:376:Infinity":106,"s:373:4:374:Infinity":107,"b:373:16:373:Infinity:374:6:374:Infinity":36,"s:375:4:375:Infinity":108,"s:378:2:390:Infinity":109,"b:382:4:382:21:382:21:382:Infinity":37,"b:384:4:384:27:384:27:384:Infinity":38,"b:385:4:385:25:385:25:385:Infinity":39,"b:386:23:386:58:386:58:386:Infinity":40,"b:387:23:387:58:387:58:387:Infinity":41}}}
,"/Users/paulgiurin/Documents/GitHub/dashboard/server/utils/cache.ts": {"path":"/Users/paulgiurin/Documents/GitHub/dashboard/server/utils/cache.ts","statementMap":{"0":{"start":{"line":3,"column":21},"end":{"line":3,"column":null}},"1":{"start":{"line":6,"column":2},"end":{"line":6,"column":null}},"2":{"start":{"line":10,"column":18},"end":{"line":10,"column":null}},"3":{"start":{"line":11,"column":14},"end":{"line":11,"column":null}},"4":{"start":{"line":12,"column":2},"end":{"line":12,"column":null}},"5":{"start":{"line":12,"column":12},"end":{"line":12,"column":null}},"6":{"start":{"line":13,"column":2},"end":{"line":16,"column":null}},"7":{"start":{"line":14,"column":4},"end":{"line":14,"column":null}},"8":{"start":{"line":15,"column":4},"end":{"line":15,"column":null}},"9":{"start":{"line":17,"column":2},"end":{"line":17,"column":null}},"10":{"start":{"line":21,"column":18},"end":{"line":21,"column":null}},"11":{"start":{"line":22,"column":30},"end":{"line":22,"column":null}},"12":{"start":{"line":23,"column":2},"end":{"line":23,"column":null}},"13":{"start":{"line":27,"column":18},"end":{"line":27,"column":null}},"14":{"start":{"line":28,"column":15},"end":{"line":28,"column":null}},"15":{"start":{"line":29,"column":18},"end":{"line":29,"column":null}},"16":{"start":{"line":29,"column":35},"end":{"line":29,"column":60}},"17":{"start":{"line":30,"column":2},"end":{"line":30,"column":null}},"18":{"start":{"line":30,"column":37},"end":{"line":30,"column":58}}},"fnMap":{"0":{"name":"key","decl":{"start":{"line":5,"column":9},"end":{"line":5,"column":13}},"loc":{"start":{"line":5,"column":24},"end":{"line":7,"column":null}},"line":5},"1":{"name":"getCached","decl":{"start":{"line":9,"column":22},"end":{"line":9,"column":35}},"loc":{"start":{"line":9,"column":70},"end":{"line":18,"column":null}},"line":9},"2":{"name":"setCached","decl":{"start":{"line":20,"column":22},"end":{"line":20,"column":35}},"loc":{"start":{"line":20,"column":86},"end":{"line":24,"column":null}},"line":20},"3":{"name":"invalidatePrefix","decl":{"start":{"line":26,"column":22},"end":{"line":26,"column":39}},"loc":{"start":{"line":26,"column":70},"end":{"line":31,"column":null}},"line":26},"4":{"name":"(anonymous_4)","decl":{"start":{"line":29,"column":30},"end":{"line":29,"column":35}},"loc":{"start":{"line":29,"column":35},"end":{"line":29,"column":60}},"line":29},"5":{"name":"(anonymous_5)","decl":{"start":{"line":30,"column":32},"end":{"line":30,"column":37}},"loc":{"start":{"line":30,"column":37},"end":{"line":30,"column":58}},"line":30}},"branchMap":{"0":{"loc":{"start":{"line":12,"column":2},"end":{"line":12,"column":null}},"type":"if","locations":[{"start":{"line":12,"column":2},"end":{"line":12,"column":null}},{"start":{},"end":{}}],"line":12},"1":{"loc":{"start":{"line":13,"column":2},"end":{"line":16,"column":null}},"type":"if","locations":[{"start":{"line":13,"column":2},"end":{"line":16,"column":null}},{"start":{},"end":{}}],"line":13}},"s":{"0":1,"1":24,"2":7,"3":7,"4":7,"5":1,"6":6,"7":2,"8":2,"9":4,"10":9,"11":9,"12":9,"13":3,"14":3,"15":3,"16":6,"17":3,"18":4},"f":{"0":24,"1":7,"2":9,"3":3,"4":6,"5":4},"b":{"0":[1,6],"1":[2,4]},"meta":{"lastBranch":2,"lastFunction":6,"lastStatement":19,"seen":{"s:3:21:3:Infinity":0,"f:5:9:5:13":0,"s:6:2:6:Infinity":1,"f:9:22:9:35":1,"s:10:18:10:Infinity":2,"s:11:14:11:Infinity":3,"b:12:2:12:Infinity:undefined:undefined:undefined:undefined":0,"s:12:2:12:Infinity":4,"s:12:12:12:Infinity":5,"b:13:2:16:Infinity:undefined:undefined:undefined:undefined":1,"s:13:2:16:Infinity":6,"s:14:4:14:Infinity":7,"s:15:4:15:Infinity":8,"s:17:2:17:Infinity":9,"f:20:22:20:35":2,"s:21:18:21:Infinity":10,"s:22:30:22:Infinity":11,"s:23:2:23:Infinity":12,"f:26:22:26:39":3,"s:27:18:27:Infinity":13,"s:28:15:28:Infinity":14,"s:29:18:29:Infinity":15,"f:29:30:29:35":4,"s:29:35:29:60":16,"s:30:2:30:Infinity":17,"f:30:32:30:37":5,"s:30:37:30:58":18}}}
,"/Users/paulgiurin/Documents/GitHub/dashboard/server/utils/db.ts": {"path":"/Users/paulgiurin/Documents/GitHub/dashboard/server/utils/db.ts","statementMap":{"0":{"start":{"line":9,"column":24},"end":{"line":9,"column":null}},"1":{"start":{"line":15,"column":2},"end":{"line":34,"column":null}},"2":{"start":{"line":16,"column":29},"end":{"line":16,"column":null}},"3":{"start":{"line":18,"column":4},"end":{"line":20,"column":null}},"4":{"start":{"line":19,"column":6},"end":{"line":19,"column":null}},"5":{"start":{"line":22,"column":4},"end":{"line":28,"column":null}},"6":{"start":{"line":31,"column":4},"end":{"line":33,"column":null}},"7":{"start":{"line":32,"column":6},"end":{"line":32,"column":null}},"8":{"start":{"line":36,"column":2},"end":{"line":36,"column":null}},"9":{"start":{"line":46,"column":15},"end":{"line":46,"column":null}},"10":{"start":{"line":47,"column":16},"end":{"line":47,"column":null}},"11":{"start":{"line":49,"column":2},"end":{"line":62,"column":null}},"12":{"start":{"line":50,"column":19},"end":{"line":50,"column":null}},"13":{"start":{"line":51,"column":21},"end":{"line":51,"column":null}},"14":{"start":{"line":54,"column":4},"end":{"line":56,"column":null}},"15":{"start":{"line":55,"column":6},"end":{"line":55,"column":null}},"16":{"start":{"line":58,"column":4},"end":{"line":58,"column":null}},"17":{"start":{"line":60,"column":4},"end":{"line":60,"column":null}},"18":{"start":{"line":61,"column":4},"end":{"line":61,"column":null}},"19":{"start":{"line":72,"column":17},"end":{"line":72,"column":null}},"20":{"start":{"line":73,"column":2},"end":{"line":73,"column":null}},"21":{"start":{"line":83,"column":17},"end":{"line":83,"column":null}},"22":{"start":{"line":84,"column":2},"end":{"line":84,"column":null}},"23":{"start":{"line":94,"column":17},"end":{"line":94,"column":null}},"24":{"start":{"line":95,"column":2},"end":{"line":95,"column":null}},"25":{"start":{"line":105,"column":2},"end":{"line":105,"column":null}},"26":{"start":{"line":114,"column":15},"end":{"line":114,"column":null}},"27":{"start":{"line":115,"column":17},"end":{"line":115,"column":null}},"28":{"start":{"line":117,"column":2},"end":{"line":127,"column":null}},"29":{"start":{"line":118,"column":4},"end":{"line":118,"column":null}},"30":{"start":{"line":119,"column":19},"end":{"line":119,"column":null}},"31":{"start":{"line":120,"column":4},"end":{"line":120,"column":null}},"32":{"start":{"line":121,"column":4},"end":{"line":121,"column":null}},"33":{"start":{"line":123,"column":4},"end":{"line":123,"column":null}},"34":{"start":{"line":124,"column":4},"end":{"line":124,"column":null}},"35":{"start":{"line":126,"column":4},"end":{"line":126,"column":null}},"36":{"start":{"line":134,"column":2},"end":{"line":139,"column":null}},"37":{"start":{"line":135,"column":19},"end":{"line":135,"column":null}},"38":{"start":{"line":136,"column":4},"end":{"line":136,"column":null}},"39":{"start":{"line":138,"column":4},"end":{"line":138,"column":null}},"40":{"start":{"line":146,"column":18},"end":{"line":436,"column":null}},"41":{"start":{"line":150,"column":18},"end":{"line":152,"column":null}},"42":{"start":{"line":153,"column":6},"end":{"line":153,"column":null}},"43":{"start":{"line":157,"column":6},"end":{"line":157,"column":null}},"44":{"start":{"line":164,"column":18},"end":{"line":166,"column":null}},"45":{"start":{"line":167,"column":6},"end":{"line":167,"column":null}},"46":{"start":{"line":171,"column":6},"end":{"line":171,"column":null}},"47":{"start":{"line":184,"column":18},"end":{"line":184,"column":null}},"48":{"start":{"line":189,"column":6},"end":{"line":198,"column":null}},"49":{"start":{"line":212,"column":31},"end":{"line":212,"column":null}},"50":{"start":{"line":213,"column":28},"end":{"line":213,"column":null}},"51":{"start":{"line":214,"column":16},"end":{"line":214,"column":null}},"52":{"start":{"line":216,"column":6},"end":{"line":222,"column":null}},"53":{"start":{"line":217,"column":8},"end":{"line":221,"column":null}},"54":{"start":{"line":218,"column":10},"end":{"line":218,"column":null}},"55":{"start":{"line":219,"column":10},"end":{"line":219,"column":null}},"56":{"start":{"line":220,"column":10},"end":{"line":220,"column":null}},"57":{"start":{"line":224,"column":6},"end":{"line":224,"column":null}},"58":{"start":{"line":224,"column":31},"end":{"line":224,"column":null}},"59":{"start":{"line":226,"column":6},"end":{"line":226,"column":null}},"60":{"start":{"line":227,"column":18},"end":{"line":227,"column":null}},"61":{"start":{"line":228,"column":6},"end":{"line":228,"column":null}},"62":{"start":{"line":235,"column":16},"end":{"line":235,"column":null}},"63":{"start":{"line":241,"column":28},"end":{"line":241,"column":null}},"64":{"start":{"line":242,"column":16},"end":{"line":242,"column":null}},"65":{"start":{"line":244,"column":6},"end":{"line":248,"column":null}},"66":{"start":{"line":245,"column":8},"end":{"line":245,"column":null}},"67":{"start":{"line":246,"column":8},"end":{"line":246,"column":null}},"68":{"start":{"line":247,"column":8},"end":{"line":247,"column":null}},"69":{"start":{"line":250,"column":6},"end":{"line":254,"column":null}},"70":{"start":{"line":251,"column":8},"end":{"line":251,"column":null}},"71":{"start":{"line":252,"column":8},"end":{"line":252,"column":null}},"72":{"start":{"line":253,"column":8},"end":{"line":253,"column":null}},"73":{"start":{"line":256,"column":6},"end":{"line":256,"column":null}},"74":{"start":{"line":257,"column":6},"end":{"line":257,"column":null}},"75":{"start":{"line":261,"column":6},"end":{"line":266,"column":null}},"76":{"start":{"line":270,"column":16},"end":{"line":270,"column":null}},"77":{"start":{"line":274,"column":28},"end":{"line":274,"column":null}},"78":{"start":{"line":275,"column":16},"end":{"line":275,"column":null}},"79":{"start":{"line":277,"column":6},"end":{"line":281,"column":null}},"80":{"start":{"line":278,"column":8},"end":{"line":278,"column":null}},"81":{"start":{"line":279,"column":8},"end":{"line":279,"column":null}},"82":{"start":{"line":280,"column":8},"end":{"line":280,"column":null}},"83":{"start":{"line":283,"column":6},"end":{"line":283,"column":null}},"84":{"start":{"line":284,"column":6},"end":{"line":284,"column":null}},"85":{"start":{"line":297,"column":18},"end":{"line":297,"column":null}},"86":{"start":{"line":302,"column":6},"end":{"line":311,"column":null}},"87":{"start":{"line":318,"column":6},"end":{"line":324,"column":null}},"88":{"start":{"line":328,"column":6},"end":{"line":335,"column":null}},"89":{"start":{"line":347,"column":18},"end":{"line":347,"column":null}},"90":{"start":{"line":352,"column":6},"end":{"line":360,"column":null}},"91":{"start":{"line":367,"column":18},"end":{"line":369,"column":null}},"92":{"start":{"line":370,"column":6},"end":{"line":370,"column":null}},"93":{"start":{"line":374,"column":6},"end":{"line":374,"column":null}},"94":{"start":{"line":381,"column":6},"end":{"line":385,"column":null}},"95":{"start":{"line":389,"column":12},"end":{"line":389,"column":null}},"96":{"start":{"line":390,"column":6},"end":{"line":390,"column":null}},"97":{"start":{"line":397,"column":16},"end":{"line":397,"column":null}},"98":{"start":{"line":398,"column":28},"end":{"line":398,"column":null}},"99":{"start":{"line":400,"column":6},"end":{"line":403,"column":null}},"100":{"start":{"line":401,"column":8},"end":{"line":401,"column":null}},"101":{"start":{"line":402,"column":8},"end":{"line":402,"column":null}},"102":{"start":{"line":405,"column":6},"end":{"line":405,"column":null}},"103":{"start":{"line":406,"column":6},"end":{"line":406,"column":null}},"104":{"start":{"line":419,"column":18},"end":{"line":419,"column":null}},"105":{"start":{"line":424,"column":6},"end":{"line":433,"column":null}}},"fnMap":{"0":{"name":"getPool","decl":{"start":{"line":14,"column":16},"end":{"line":14,"column":32}},"loc":{"start":{"line":14,"column":32},"end":{"line":37,"column":null}},"line":14},"1":{"name":"(anonymous_1)","decl":{"start":{"line":31,"column":21},"end":{"line":31,"column":22}},"loc":{"start":{"line":31,"column":30},"end":{"line":33,"column":5}},"line":31},"2":{"name":"query","decl":{"start":{"line":42,"column":22},"end":{"line":42,"column":null}},"loc":{"start":{"line":45,"column":27},"end":{"line":63,"column":null}},"line":45},"3":{"name":"queryRows","decl":{"start":{"line":68,"column":22},"end":{"line":68,"column":null}},"loc":{"start":{"line":71,"column":16},"end":{"line":74,"column":null}},"line":71},"4":{"name":"queryOne","decl":{"start":{"line":79,"column":22},"end":{"line":79,"column":null}},"loc":{"start":{"line":82,"column":21},"end":{"line":85,"column":null}},"line":82},"5":{"name":"queryCount","decl":{"start":{"line":90,"column":22},"end":{"line":90,"column":null}},"loc":{"start":{"line":93,"column":19},"end":{"line":96,"column":null}},"line":93},"6":{"name":"execute","decl":{"start":{"line":101,"column":22},"end":{"line":101,"column":null}},"loc":{"start":{"line":104,"column":17},"end":{"line":106,"column":null}},"line":104},"7":{"name":"transaction","decl":{"start":{"line":111,"column":22},"end":{"line":111,"column":null}},"loc":{"start":{"line":113,"column":14},"end":{"line":128,"column":null}},"line":113},"8":{"name":"healthCheck","decl":{"start":{"line":133,"column":22},"end":{"line":133,"column":54}},"loc":{"start":{"line":133,"column":54},"end":{"line":140,"column":null}},"line":133},"9":{"name":"(anonymous_9)","decl":{"start":{"line":149,"column":10},"end":{"line":149,"column":18}},"loc":{"start":{"line":149,"column":37},"end":{"line":154,"column":null}},"line":149},"10":{"name":"(anonymous_10)","decl":{"start":{"line":156,"column":10},"end":{"line":156,"column":21}},"loc":{"start":{"line":156,"column":35},"end":{"line":158,"column":null}},"line":156},"11":{"name":"(anonymous_11)","decl":{"start":{"line":163,"column":10},"end":{"line":163,"column":18}},"loc":{"start":{"line":163,"column":37},"end":{"line":168,"column":null}},"line":163},"12":{"name":"(anonymous_12)","decl":{"start":{"line":170,"column":10},"end":{"line":170,"column":19}},"loc":{"start":{"line":170,"column":31},"end":{"line":172,"column":null}},"line":170},"13":{"name":"(anonymous_13)","decl":{"start":{"line":174,"column":10},"end":{"line":174,"column":17}},"loc":{"start":{"line":183,"column":7},"end":{"line":199,"column":null}},"line":183},"14":{"name":"(anonymous_14)","decl":{"start":{"line":201,"column":10},"end":{"line":201,"column":17}},"loc":{"start":{"line":211,"column":8},"end":{"line":229,"column":null}},"line":211},"15":{"name":"(anonymous_15)","decl":{"start":{"line":234,"column":10},"end":{"line":234,"column":18}},"loc":{"start":{"line":234,"column":68},"end":{"line":258,"column":null}},"line":234},"16":{"name":"(anonymous_16)","decl":{"start":{"line":260,"column":10},"end":{"line":260,"column":19}},"loc":{"start":{"line":260,"column":31},"end":{"line":267,"column":null}},"line":260},"17":{"name":"(anonymous_17)","decl":{"start":{"line":269,"column":10},"end":{"line":269,"column":32}},"loc":{"start":{"line":269,"column":82},"end":{"line":285,"column":null}},"line":269},"18":{"name":"(anonymous_18)","decl":{"start":{"line":287,"column":10},"end":{"line":287,"column":17}},"loc":{"start":{"line":296,"column":7},"end":{"line":312,"column":null}},"line":296},"19":{"name":"(anonymous_19)","decl":{"start":{"line":317,"column":10},"end":{"line":317,"column":24}},"loc":{"start":{"line":317,"column":43},"end":{"line":325,"column":null}},"line":317},"20":{"name":"(anonymous_20)","decl":{"start":{"line":327,"column":10},"end":{"line":327,"column":21}},"loc":{"start":{"line":327,"column":33},"end":{"line":336,"column":null}},"line":327},"21":{"name":"(anonymous_21)","decl":{"start":{"line":338,"column":10},"end":{"line":338,"column":17}},"loc":{"start":{"line":346,"column":7},"end":{"line":361,"column":null}},"line":346},"22":{"name":"(anonymous_22)","decl":{"start":{"line":366,"column":10},"end":{"line":366,"column":18}},"loc":{"start":{"line":366,"column":37},"end":{"line":371,"column":null}},"line":366},"23":{"name":"(anonymous_23)","decl":{"start":{"line":373,"column":10},"end":{"line":373,"column":19}},"loc":{"start":{"line":373,"column":31},"end":{"line":375,"column":null}},"line":373},"24":{"name":"(anonymous_24)","decl":{"start":{"line":380,"column":10},"end":{"line":380,"column":22}},"loc":{"start":{"line":380,"column":38},"end":{"line":386,"column":null}},"line":380},"25":{"name":"(anonymous_25)","decl":{"start":{"line":388,"column":10},"end":{"line":388,"column":23}},"loc":{"start":{"line":388,"column":23},"end":{"line":391,"column":null}},"line":388},"26":{"name":"(anonymous_26)","decl":{"start":{"line":396,"column":10},"end":{"line":396,"column":23}},"loc":{"start":{"line":396,"column":58},"end":{"line":407,"column":null}},"line":396},"27":{"name":"(anonymous_27)","decl":{"start":{"line":409,"column":10},"end":{"line":409,"column":17}},"loc":{"start":{"line":418,"column":7},"end":{"line":434,"column":null}},"line":418}},"branchMap":{"0":{"loc":{"start":{"line":15,"column":2},"end":{"line":34,"column":null}},"type":"if","locations":[{"start":{"line":15,"column":2},"end":{"line":34,"column":null}},{"start":{},"end":{}}],"line":15},"1":{"loc":{"start":{"line":16,"column":29},"end":{"line":16,"column":null}},"type":"binary-expr","locations":[{"start":{"line":16,"column":29},"end":{"line":16,"column":57}},{"start":{"line":16,"column":57},"end":{"line":16,"column":null}}],"line":16},"2":{"loc":{"start":{"line":18,"column":4},"end":{"line":20,"column":null}},"type":"if","locations":[{"start":{"line":18,"column":4},"end":{"line":20,"column":null}},{"start":{},"end":{}}],"line":18},"3":{"loc":{"start":{"line":24,"column":11},"end":{"line":24,"column":null}},"type":"cond-expr","locations":[{"start":{"line":24,"column":58},"end":{"line":24,"column":90}},{"start":{"line":24,"column":90},"end":{"line":24,"column":null}}],"line":24},"4":{"loc":{"start":{"line":54,"column":4},"end":{"line":56,"column":null}},"type":"if","locations":[{"start":{"line":54,"column":4},"end":{"line":56,"column":null}},{"start":{},"end":{}}],"line":54},"5":{"loc":{"start":{"line":54,"column":8},"end":{"line":54,"column":39}},"type":"binary-expr","locations":[{"start":{"line":54,"column":8},"end":{"line":54,"column":23}},{"start":{"line":54,"column":23},"end":{"line":54,"column":39}}],"line":54},"6":{"loc":{"start":{"line":84,"column":10},"end":{"line":84,"column":null}},"type":"binary-expr","locations":[{"start":{"line":84,"column":10},"end":{"line":84,"column":34}},{"start":{"line":84,"column":34},"end":{"line":84,"column":null}}],"line":84},"7":{"loc":{"start":{"line":95,"column":9},"end":{"line":95,"column":null}},"type":"binary-expr","locations":[{"start":{"line":95,"column":9},"end":{"line":95,"column":28}},{"start":{"line":95,"column":28},"end":{"line":95,"column":null}}],"line":95},"8":{"loc":{"start":{"line":150,"column":18},"end":{"line":152,"column":null}},"type":"cond-expr","locations":[{"start":{"line":151,"column":10},"end":{"line":151,"column":null}},{"start":{"line":152,"column":10},"end":{"line":152,"column":null}}],"line":150},"9":{"loc":{"start":{"line":153,"column":28},"end":{"line":153,"column":61}},"type":"cond-expr","locations":[{"start":{"line":153,"column":39},"end":{"line":153,"column":52}},{"start":{"line":153,"column":52},"end":{"line":153,"column":61}}],"line":153},"10":{"loc":{"start":{"line":163,"column":18},"end":{"line":163,"column":37}},"type":"default-arg","locations":[{"start":{"line":163,"column":31},"end":{"line":163,"column":37}}],"line":163},"11":{"loc":{"start":{"line":164,"column":18},"end":{"line":166,"column":null}},"type":"cond-expr","locations":[{"start":{"line":165,"column":10},"end":{"line":165,"column":null}},{"start":{"line":166,"column":10},"end":{"line":166,"column":null}}],"line":164},"12":{"loc":{"start":{"line":192,"column":8},"end":{"line":192,"column":null}},"type":"binary-expr","locations":[{"start":{"line":192,"column":8},"end":{"line":192,"column":30}},{"start":{"line":192,"column":30},"end":{"line":192,"column":null}}],"line":192},"13":{"loc":{"start":{"line":217,"column":8},"end":{"line":221,"column":null}},"type":"if","locations":[{"start":{"line":217,"column":8},"end":{"line":221,"column":null}},{"start":{},"end":{}}],"line":217},"14":{"loc":{"start":{"line":224,"column":6},"end":{"line":224,"column":null}},"type":"if","locations":[{"start":{"line":224,"column":6},"end":{"line":224,"column":null}},{"start":{},"end":{}}],"line":224},"15":{"loc":{"start":{"line":244,"column":6},"end":{"line":248,"column":null}},"type":"if","locations":[{"start":{"line":244,"column":6},"end":{"line":248,"column":null}},{"start":{},"end":{}}],"line":244},"16":{"loc":{"start":{"line":250,"column":6},"end":{"line":254,"column":null}},"type":"if","locations":[{"start":{"line":250,"column":6},"end":{"line":254,"column":null}},{"start":{},"end":{}}],"line":250},"17":{"loc":{"start":{"line":277,"column":6},"end":{"line":281,"column":null}},"type":"if","locations":[{"start":{"line":277,"column":6},"end":{"line":281,"column":null}},{"start":{},"end":{}}],"line":277},"18":{"loc":{"start":{"line":327,"column":21},"end":{"line":327,"column":33}},"type":"default-arg","locations":[{"start":{"line":327,"column":29},"end":{"line":327,"column":33}}],"line":327},"19":{"loc":{"start":{"line":358,"column":8},"end":{"line":358,"column":null}},"type":"binary-expr","locations":[{"start":{"line":358,"column":8},"end":{"line":358,"column":28}},{"start":{"line":358,"column":28},"end":{"line":358,"column":null}}],"line":358},"20":{"loc":{"start":{"line":359,"column":8},"end":{"line":359,"column":null}},"type":"binary-expr","locations":[{"start":{"line":359,"column":8},"end":{"line":359,"column":25}},{"start":{"line":359,"column":25},"end":{"line":359,"column":null}}],"line":359},"21":{"loc":{"start":{"line":366,"column":18},"end":{"line":366,"column":37}},"type":"default-arg","locations":[{"start":{"line":366,"column":31},"end":{"line":366,"column":37}}],"line":366},"22":{"loc":{"start":{"line":367,"column":18},"end":{"line":369,"column":null}},"type":"cond-expr","locations":[{"start":{"line":368,"column":10},"end":{"line":368,"column":null}},{"start":{"line":369,"column":10},"end":{"line":369,"column":null}}],"line":367},"23":{"loc":{"start":{"line":400,"column":6},"end":{"line":403,"column":null}},"type":"if","locations":[{"start":{"line":400,"column":6},"end":{"line":403,"column":null}},{"start":{},"end":{}}],"line":400},"24":{"loc":{"start":{"line":428,"column":8},"end":{"line":428,"column":null}},"type":"binary-expr","locations":[{"start":{"line":428,"column":8},"end":{"line":428,"column":29}},{"start":{"line":428,"column":29},"end":{"line":428,"column":null}}],"line":428},"25":{"loc":{"start":{"line":429,"column":8},"end":{"line":429,"column":null}},"type":"binary-expr","locations":[{"start":{"line":429,"column":8},"end":{"line":429,"column":32}},{"start":{"line":429,"column":32},"end":{"line":429,"column":null}}],"line":429}},"s":{"0":1,"1":48,"2":1,"3":1,"4":0,"5":1,"6":1,"7":0,"8":48,"9":45,"10":45,"11":45,"12":45,"13":42,"14":42,"15":0,"16":42,"17":3,"18":3,"19":21,"20":21,"21":12,"22":12,"23":2,"24":2,"25":2,"26":3,"27":3,"28":3,"29":3,"30":3,"31":1,"32":1,"33":2,"34":2,"35":3,"36":3,"37":3,"38":2,"39":1,"40":1,"41":2,"42":2,"43":1,"44":2,"45":2,"46":1,"47":1,"48":1,"49":2,"50":2,"51":2,"52":2,"53":1,"54":1,"55":1,"56":1,"57":2,"58":1,"59":1,"60":1,"61":1,"62":3,"63":3,"64":3,"65":3,"66":1,"67":1,"68":1,"69":3,"70":1,"71":1,"72":1,"73":3,"74":3,"75":1,"76":2,"77":2,"78":2,"79":2,"80":1,"81":1,"82":1,"83":2,"84":2,"85":1,"86":1,"87":1,"88":2,"89":1,"90":1,"91":2,"92":2,"93":1,"94":2,"95":1,"96":1,"97":2,"98":2,"99":2,"100":1,"101":1,"102":2,"103":2,"104":1,"105":1},"f":{"0":48,"1":0,"2":45,"3":21,"4":12,"5":2,"6":2,"7":3,"8":3,"9":2,"10":1,"11":2,"12":1,"13":1,"14":2,"15":3,"16":1,"17":2,"18":1,"19":1,"20":2,"21":1,"22":2,"23":1,"24":2,"25":1,"26":2,"27":1},"b":{"0":[1,47],"1":[1,0],"2":[0,1],"3":[0,1],"4":[0,42],"5":[42,0],"6":[12,1],"7":[2,1],"8":[1,1],"9":[1,1],"10":[2],"11":[1,1],"12":[1,0],"13":[1,0],"14":[1,1],"15":[1,2],"16":[1,2],"17":[1,1],"18":[2],"19":[1,0],"20":[1,0],"21":[2],"22":[1,1],"23":[1,1],"24":[1,0],"25":[1,0]},"meta":{"lastBranch":26,"lastFunction":28,"lastStatement":106,"seen":{"s:9:24:9:Infinity":0,"f:14:16:14:32":0,"b:15:2:34:Infinity:undefined:undefined:undefined:undefined":0,"s:15:2:34:Infinity":1,"s:16:29:16:Infinity":2,"b:16:29:16:57:16:57:16:Infinity":1,"b:18:4:20:Infinity:undefined:undefined:undefined:undefined":2,"s:18:4:20:Infinity":3,"s:19:6:19:Infinity":4,"s:22:4:28:Infinity":5,"b:24:58:24:90:24:90:24:Infinity":3,"s:31:4:33:Infinity":6,"f:31:21:31:22":1,"s:32:6:32:Infinity":7,"s:36:2:36:Infinity":8,"f:42:22:42:Infinity":2,"s:46:15:46:Infinity":9,"s:47:16:47:Infinity":10,"s:49:2:62:Infinity":11,"s:50:19:50:Infinity":12,"s:51:21:51:Infinity":13,"b:54:4:56:Infinity:undefined:undefined:undefined:undefined":4,"s:54:4:56:Infinity":14,"b:54:8:54:23:54:23:54:39":5,"s:55:6:55:Infinity":15,"s:58:4:58:Infinity":16,"s:60:4:60:Infinity":17,"s:61:4:61:Infinity":18,"f:68:22:68:Infinity":3,"s:72:17:72:Infinity":19,"s:73:2:73:Infinity":20,"f:79:22:79:Infinity":4,"s:83:17:83:Infinity":21,"s:84:2:84:Infinity":22,"b:84:10:84:34:84:34:84:Infinity":6,"f:90:22:90:Infinity":5,"s:94:17:94:Infinity":23,"s:95:2:95:Infinity":24,"b:95:9:95:28:95:28:95:Infinity":7,"f:101:22:101:Infinity":6,"s:105:2:105:Infinity":25,"f:111:22:111:Infinity":7,"s:114:15:114:Infinity":26,"s:115:17:115:Infinity":27,"s:117:2:127:Infinity":28,"s:118:4:118:Infinity":29,"s:119:19:119:Infinity":30,"s:120:4:120:Infinity":31,"s:121:4:121:Infinity":32,"s:123:4:123:Infinity":33,"s:124:4:124:Infinity":34,"s:126:4:126:Infinity":35,"f:133:22:133:54":8,"s:134:2:139:Infinity":36,"s:135:19:135:Infinity":37,"s:136:4:136:Infinity":38,"s:138:4:138:Infinity":39,"s:146:18:436:Infinity":40,"f:149:10:149:18":9,"s:150:18:152:Infinity":41,"b:151:10:151:Infinity:152:10:152:Infinity":8,"s:153:6:153:Infinity":42,"b:153:39:153:52:153:52:153:61":9,"f:156:10:156:21":10,"s:157:6:157:Infinity":43,"f:163:10:163:18":11,"b:163:31:163:37":10,"s:164:18:166:Infinity":44,"b:165:10:165:Infinity:166:10:166:Infinity":11,"s:167:6:167:Infinity":45,"f:170:10:170:19":12,"s:171:6:171:Infinity":46,"f:174:10:174:17":13,"s:184:18:184:Infinity":47,"s:189:6:198:Infinity":48,"b:192:8:192:30:192:30:192:Infinity":12,"f:201:10:201:17":14,"s:212:31:212:Infinity":49,"s:213:28:213:Infinity":50,"s:214:16:214:Infinity":51,"s:216:6:222:Infinity":52,"b:217:8:221:Infinity:undefined:undefined:undefined:undefined":13,"s:217:8:221:Infinity":53,"s:218:10:218:Infinity":54,"s:219:10:219:Infinity":55,"s:220:10:220:Infinity":56,"b:224:6:224:Infinity:undefined:undefined:undefined:undefined":14,"s:224:6:224:Infinity":57,"s:224:31:224:Infinity":58,"s:226:6:226:Infinity":59,"s:227:18:227:Infinity":60,"s:228:6:228:Infinity":61,"f:234:10:234:18":15,"s:235:16:235:Infinity":62,"s:241:28:241:Infinity":63,"s:242:16:242:Infinity":64,"b:244:6:248:Infinity:undefined:undefined:undefined:undefined":15,"s:244:6:248:Infinity":65,"s:245:8:245:Infinity":66,"s:246:8:246:Infinity":67,"s:247:8:247:Infinity":68,"b:250:6:254:Infinity:undefined:undefined:undefined:undefined":16,"s:250:6:254:Infinity":69,"s:251:8:251:Infinity":70,"s:252:8:252:Infinity":71,"s:253:8:253:Infinity":72,"s:256:6:256:Infinity":73,"s:257:6:257:Infinity":74,"f:260:10:260:19":16,"s:261:6:266:Infinity":75,"f:269:10:269:32":17,"s:270:16:270:Infinity":76,"s:274:28:274:Infinity":77,"s:275:16:275:Infinity":78,"b:277:6:281:Infinity:undefined:undefined:undefined:undefined":17,"s:277:6:281:Infinity":79,"s:278:8:278:Infinity":80,"s:279:8:279:Infinity":81,"s:280:8:280:Infinity":82,"s:283:6:283:Infinity":83,"s:284:6:284:Infinity":84,"f:287:10:287:17":18,"s:297:18:297:Infinity":85,"s:302:6:311:Infinity":86,"f:317:10:317:24":19,"s:318:6:324:Infinity":87,"f:327:10:327:21":20,"b:327:29:327:33":18,"s:328:6:335:Infinity":88,"f:338:10:338:17":21,"s:347:18:347:Infinity":89,"s:352:6:360:Infinity":90,"b:358:8:358:28:358:28:358:Infinity":19,"b:359:8:359:25:359:25:359:Infinity":20,"f:366:10:366:18":22,"b:366:31:366:37":21,"s:367:18:369:Infinity":91,"b:368:10:368:Infinity:369:10:369:Infinity":22,"s:370:6:370:Infinity":92,"f:373:10:373:19":23,"s:374:6:374:Infinity":93,"f:380:10:380:22":24,"s:381:6:385:Infinity":94,"f:388:10:388:23":25,"s:389:12:389:Infinity":95,"s:390:6:390:Infinity":96,"f:396:10:396:23":26,"s:397:16:397:Infinity":97,"s:398:28:398:Infinity":98,"b:400:6:403:Infinity:undefined:undefined:undefined:undefined":23,"s:400:6:403:Infinity":99,"s:401:8:401:Infinity":100,"s:402:8:402:Infinity":101,"s:405:6:405:Infinity":102,"s:406:6:406:Infinity":103,"f:409:10:409:17":27,"s:419:18:419:Infinity":104,"s:424:6:433:Infinity":105,"b:428:8:428:29:428:29:428:Infinity":24,"b:429:8:429:32:429:32:429:Infinity":25}}}
,"/Users/paulgiurin/Documents/GitHub/dashboard/server/utils/email.ts": {"path":"/Users/paulgiurin/Documents/GitHub/dashboard/server/utils/email.ts","statementMap":{"0":{"start":{"line":4,"column":15},"end":{"line":4,"column":null}},"1":{"start":{"line":6,"column":19},"end":{"line":6,"column":null}},"2":{"start":{"line":7,"column":17},"end":{"line":7,"column":null}},"3":{"start":{"line":8,"column":16},"end":{"line":8,"column":null}},"4":{"start":{"line":19,"column":2},"end":{"line":26,"column":null}},"5":{"start":{"line":20,"column":4},"end":{"line":20,"column":null}},"6":{"start":{"line":21,"column":4},"end":{"line":21,"column":null}},"7":{"start":{"line":22,"column":4},"end":{"line":22,"column":null}},"8":{"start":{"line":23,"column":4},"end":{"line":23,"column":null}},"9":{"start":{"line":24,"column":4},"end":{"line":24,"column":null}},"10":{"start":{"line":25,"column":4},"end":{"line":25,"column":null}},"11":{"start":{"line":28,"column":2},"end":{"line":46,"column":null}},"12":{"start":{"line":29,"column":28},"end":{"line":35,"column":null}},"13":{"start":{"line":37,"column":4},"end":{"line":40,"column":null}},"14":{"start":{"line":38,"column":6},"end":{"line":38,"column":null}},"15":{"start":{"line":39,"column":6},"end":{"line":39,"column":null}},"16":{"start":{"line":42,"column":4},"end":{"line":42,"column":null}},"17":{"start":{"line":44,"column":4},"end":{"line":44,"column":null}},"18":{"start":{"line":45,"column":4},"end":{"line":45,"column":null}},"19":{"start":{"line":53,"column":21},"end":{"line":148,"column":null}},"20":{"start":{"line":53,"column":42},"end":{"line":148,"column":null}},"21":{"start":{"line":170,"column":20},"end":{"line":170,"column":null}},"22":{"start":{"line":171,"column":20},"end":{"line":171,"column":null}},"23":{"start":{"line":173,"column":26},"end":{"line":175,"column":null}},"24":{"start":{"line":177,"column":26},"end":{"line":179,"column":null}},"25":{"start":{"line":181,"column":15},"end":{"line":195,"column":null}},"26":{"start":{"line":197,"column":2},"end":{"line":201,"column":null}},"27":{"start":{"line":211,"column":15},"end":{"line":225,"column":null}},"28":{"start":{"line":227,"column":2},"end":{"line":231,"column":null}},"29":{"start":{"line":243,"column":19},"end":{"line":243,"column":null}},"30":{"start":{"line":244,"column":20},"end":{"line":244,"column":null}},"31":{"start":{"line":246,"column":15},"end":{"line":259,"column":null}},"32":{"start":{"line":261,"column":2},"end":{"line":265,"column":null}},"33":{"start":{"line":276,"column":20},"end":{"line":276,"column":null}},"34":{"start":{"line":278,"column":15},"end":{"line":287,"column":null}},"35":{"start":{"line":289,"column":2},"end":{"line":293,"column":null}},"36":{"start":{"line":309,"column":18},"end":{"line":309,"column":null}},"37":{"start":{"line":310,"column":21},"end":{"line":312,"column":null}},"38":{"start":{"line":314,"column":49},"end":{"line":319,"column":null}},"39":{"start":{"line":321,"column":15},"end":{"line":337,"column":null}},"40":{"start":{"line":339,"column":2},"end":{"line":343,"column":null}},"41":{"start":{"line":357,"column":18},"end":{"line":357,"column":null}},"42":{"start":{"line":358,"column":27},"end":{"line":360,"column":null}},"43":{"start":{"line":362,"column":15},"end":{"line":370,"column":null}},"44":{"start":{"line":372,"column":2},"end":{"line":376,"column":null}},"45":{"start":{"line":390,"column":18},"end":{"line":390,"column":null}},"46":{"start":{"line":392,"column":15},"end":{"line":401,"column":null}},"47":{"start":{"line":403,"column":2},"end":{"line":407,"column":null}},"48":{"start":{"line":418,"column":20},"end":{"line":430,"column":null}},"49":{"start":{"line":419,"column":19},"end":{"line":419,"column":null}},"50":{"start":{"line":420,"column":20},"end":{"line":420,"column":null}},"51":{"start":{"line":421,"column":4},"end":{"line":426,"column":null}},"52":{"start":{"line":432,"column":15},"end":{"line":440,"column":null}},"53":{"start":{"line":442,"column":2},"end":{"line":446,"column":null}}},"fnMap":{"0":{"name":"sendEmail","decl":{"start":{"line":17,"column":22},"end":{"line":17,"column":32}},"loc":{"start":{"line":17,"column":55},"end":{"line":47,"column":null}},"line":17},"1":{"name":"(anonymous_1)","decl":{"start":{"line":53,"column":21},"end":{"line":53,"column":22}},"loc":{"start":{"line":53,"column":42},"end":{"line":148,"column":null}},"line":53},"2":{"name":"sendInvitationEmail","decl":{"start":{"line":160,"column":22},"end":{"line":160,"column":42}},"loc":{"start":{"line":169,"column":3},"end":{"line":202,"column":null}},"line":169},"3":{"name":"sendWelcomeEmail","decl":{"start":{"line":207,"column":22},"end":{"line":207,"column":39}},"loc":{"start":{"line":210,"column":3},"end":{"line":232,"column":null}},"line":210},"4":{"name":"sendPasswordResetEmail","decl":{"start":{"line":237,"column":22},"end":{"line":237,"column":45}},"loc":{"start":{"line":242,"column":3},"end":{"line":266,"column":null}},"line":242},"5":{"name":"sendVerificationEmail","decl":{"start":{"line":271,"column":22},"end":{"line":271,"column":44}},"loc":{"start":{"line":275,"column":3},"end":{"line":294,"column":null}},"line":275},"6":{"name":"sendTaskAssignedEmail","decl":{"start":{"line":299,"column":22},"end":{"line":299,"column":44}},"loc":{"start":{"line":308,"column":3},"end":{"line":344,"column":null}},"line":308},"7":{"name":"sendMentionEmail","decl":{"start":{"line":349,"column":22},"end":{"line":349,"column":39}},"loc":{"start":{"line":356,"column":3},"end":{"line":377,"column":null}},"line":356},"8":{"name":"sendApprovalRequestEmail","decl":{"start":{"line":382,"column":22},"end":{"line":382,"column":47}},"loc":{"start":{"line":389,"column":3},"end":{"line":408,"column":null}},"line":389},"9":{"name":"sendDueReminderEmail","decl":{"start":{"line":413,"column":22},"end":{"line":413,"column":43}},"loc":{"start":{"line":417,"column":3},"end":{"line":447,"column":null}},"line":417},"10":{"name":"(anonymous_10)","decl":{"start":{"line":418,"column":37},"end":{"line":418,"column":45}},"loc":{"start":{"line":418,"column":45},"end":{"line":430,"column":3}},"line":418}},"branchMap":{"0":{"loc":{"start":{"line":4,"column":15},"end":{"line":4,"column":null}},"type":"cond-expr","locations":[{"start":{"line":4,"column":44},"end":{"line":4,"column":85}},{"start":{"line":4,"column":85},"end":{"line":4,"column":null}}],"line":4},"1":{"loc":{"start":{"line":6,"column":19},"end":{"line":6,"column":null}},"type":"binary-expr","locations":[{"start":{"line":6,"column":19},"end":{"line":6,"column":45}},{"start":{"line":6,"column":45},"end":{"line":6,"column":null}}],"line":6},"2":{"loc":{"start":{"line":7,"column":17},"end":{"line":7,"column":null}},"type":"binary-expr","locations":[{"start":{"line":7,"column":17},"end":{"line":7,"column":41}},{"start":{"line":7,"column":41},"end":{"line":7,"column":null}}],"line":7},"3":{"loc":{"start":{"line":8,"column":16},"end":{"line":8,"column":null}},"type":"binary-expr","locations":[{"start":{"line":8,"column":16},"end":{"line":8,"column":39}},{"start":{"line":8,"column":39},"end":{"line":8,"column":null}}],"line":8},"4":{"loc":{"start":{"line":19,"column":2},"end":{"line":26,"column":null}},"type":"if","locations":[{"start":{"line":19,"column":2},"end":{"line":26,"column":null}},{"start":{},"end":{}}],"line":19},"5":{"loc":{"start":{"line":37,"column":4},"end":{"line":40,"column":null}},"type":"if","locations":[{"start":{"line":37,"column":4},"end":{"line":40,"column":null}},{"start":{},"end":{}}],"line":37},"6":{"loc":{"start":{"line":173,"column":26},"end":{"line":175,"column":null}},"type":"cond-expr","locations":[{"start":{"line":174,"column":6},"end":{"line":174,"column":null}},{"start":{"line":175,"column":6},"end":{"line":175,"column":null}}],"line":173},"7":{"loc":{"start":{"line":177,"column":26},"end":{"line":179,"column":null}},"type":"cond-expr","locations":[{"start":{"line":178,"column":6},"end":{"line":178,"column":null}},{"start":{"line":179,"column":6},"end":{"line":179,"column":null}}],"line":177},"8":{"loc":{"start":{"line":310,"column":21},"end":{"line":312,"column":null}},"type":"cond-expr","locations":[{"start":{"line":311,"column":6},"end":{"line":311,"column":null}},{"start":{"line":312,"column":6},"end":{"line":312,"column":null}}],"line":310},"9":{"loc":{"start":{"line":327,"column":8},"end":{"line":327,"column":113}},"type":"cond-expr","locations":[{"start":{"line":327,"column":29},"end":{"line":327,"column":111}},{"start":{"line":327,"column":111},"end":{"line":327,"column":113}}],"line":327},"10":{"loc":{"start":{"line":331,"column":30},"end":{"line":331,"column":74}},"type":"binary-expr","locations":[{"start":{"line":331,"column":30},"end":{"line":331,"column":65}},{"start":{"line":331,"column":65},"end":{"line":331,"column":74}}],"line":331},"11":{"loc":{"start":{"line":358,"column":27},"end":{"line":360,"column":null}},"type":"cond-expr","locations":[{"start":{"line":359,"column":6},"end":{"line":359,"column":null}},{"start":{"line":360,"column":6},"end":{"line":360,"column":null}}],"line":358},"12":{"loc":{"start":{"line":426,"column":26},"end":{"line":426,"column":74}},"type":"cond-expr","locations":[{"start":{"line":426,"column":45},"end":{"line":426,"column":72}},{"start":{"line":426,"column":72},"end":{"line":426,"column":74}}],"line":426},"13":{"loc":{"start":{"line":435,"column":45},"end":{"line":435,"column":79}},"type":"cond-expr","locations":[{"start":{"line":435,"column":71},"end":{"line":435,"column":77}},{"start":{"line":435,"column":77},"end":{"line":435,"column":79}}],"line":435},"14":{"loc":{"start":{"line":444,"column":53},"end":{"line":444,"column":87}},"type":"cond-expr","locations":[{"start":{"line":444,"column":79},"end":{"line":444,"column":85}},{"start":{"line":444,"column":85},"end":{"line":444,"column":87}}],"line":444}},"s":{"0":0,"1":0,"2":0,"3":0,"4":0,"5":0,"6":0,"7":0,"8":0,"9":0,"10":0,"11":0,"12":0,"13":0,"14":0,"15":0,"16":0,"17":0,"18":0,"19":0,"20":0,"21":0,"22":0,"23":0,"24":0,"25":0,"26":0,"27":0,"28":0,"29":0,"30":0,"31":0,"32":0,"33":0,"34":0,"35":0,"36":0,"37":0,"38":0,"39":0,"40":0,"41":0,"42":0,"43":0,"44":0,"45":0,"46":0,"47":0,"48":0,"49":0,"50":0,"51":0,"52":0,"53":0},"f":{"0":0,"1":0,"2":0,"3":0,"4":0,"5":0,"6":0,"7":0,"8":0,"9":0,"10":0},"b":{"0":[0,0],"1":[0,0],"2":[0,0],"3":[0,0],"4":[0,0],"5":[0,0],"6":[0,0],"7":[0,0],"8":[0,0],"9":[0,0],"10":[0,0],"11":[0,0],"12":[0,0],"13":[0,0],"14":[0,0]},"meta":{"lastBranch":15,"lastFunction":11,"lastStatement":54,"seen":{"s:4:15:4:Infinity":0,"b:4:44:4:85:4:85:4:Infinity":0,"s:6:19:6:Infinity":1,"b:6:19:6:45:6:45:6:Infinity":1,"s:7:17:7:Infinity":2,"b:7:17:7:41:7:41:7:Infinity":2,"s:8:16:8:Infinity":3,"b:8:16:8:39:8:39:8:Infinity":3,"f:17:22:17:32":0,"b:19:2:26:Infinity:undefined:undefined:undefined:undefined":4,"s:19:2:26:Infinity":4,"s:20:4:20:Infinity":5,"s:21:4:21:Infinity":6,"s:22:4:22:Infinity":7,"s:23:4:23:Infinity":8,"s:24:4:24:Infinity":9,"s:25:4:25:Infinity":10,"s:28:2:46:Infinity":11,"s:29:28:35:Infinity":12,"b:37:4:40:Infinity:undefined:undefined:undefined:undefined":5,"s:37:4:40:Infinity":13,"s:38:6:38:Infinity":14,"s:39:6:39:Infinity":15,"s:42:4:42:Infinity":16,"s:44:4:44:Infinity":17,"s:45:4:45:Infinity":18,"s:53:21:148:Infinity":19,"f:53:21:53:22":1,"s:53:42:148:Infinity":20,"f:160:22:160:42":2,"s:170:20:170:Infinity":21,"s:171:20:171:Infinity":22,"s:173:26:175:Infinity":23,"b:174:6:174:Infinity:175:6:175:Infinity":6,"s:177:26:179:Infinity":24,"b:178:6:178:Infinity:179:6:179:Infinity":7,"s:181:15:195:Infinity":25,"s:197:2:201:Infinity":26,"f:207:22:207:39":3,"s:211:15:225:Infinity":27,"s:227:2:231:Infinity":28,"f:237:22:237:45":4,"s:243:19:243:Infinity":29,"s:244:20:244:Infinity":30,"s:246:15:259:Infinity":31,"s:261:2:265:Infinity":32,"f:271:22:271:44":5,"s:276:20:276:Infinity":33,"s:278:15:287:Infinity":34,"s:289:2:293:Infinity":35,"f:299:22:299:44":6,"s:309:18:309:Infinity":36,"s:310:21:312:Infinity":37,"b:311:6:311:Infinity:312:6:312:Infinity":8,"s:314:49:319:Infinity":38,"s:321:15:337:Infinity":39,"b:327:29:327:111:327:111:327:113":9,"b:331:30:331:65:331:65:331:74":10,"s:339:2:343:Infinity":40,"f:349:22:349:39":7,"s:357:18:357:Infinity":41,"s:358:27:360:Infinity":42,"b:359:6:359:Infinity:360:6:360:Infinity":11,"s:362:15:370:Infinity":43,"s:372:2:376:Infinity":44,"f:382:22:382:47":8,"s:390:18:390:Infinity":45,"s:392:15:401:Infinity":46,"s:403:2:407:Infinity":47,"f:413:22:413:43":9,"s:418:20:430:Infinity":48,"f:418:37:418:45":10,"s:419:19:419:Infinity":49,"s:420:20:420:Infinity":50,"s:421:4:426:Infinity":51,"b:426:45:426:72:426:72:426:74":12,"s:432:15:440:Infinity":52,"b:435:71:435:77:435:77:435:79":13,"s:442:2:446:Infinity":53,"b:444:79:444:85:444:85:444:87":14}}}
,"/Users/paulgiurin/Documents/GitHub/dashboard/server/utils/groqClient.ts": {"path":"/Users/paulgiurin/Documents/GitHub/dashboard/server/utils/groqClient.ts","statementMap":{"0":{"start":{"line":4,"column":24},"end":{"line":4,"column":null}},"1":{"start":{"line":7,"column":2},"end":{"line":13,"column":null}},"2":{"start":{"line":8,"column":19},"end":{"line":8,"column":null}},"3":{"start":{"line":9,"column":4},"end":{"line":11,"column":null}},"4":{"start":{"line":10,"column":6},"end":{"line":10,"column":null}},"5":{"start":{"line":12,"column":4},"end":{"line":12,"column":null}},"6":{"start":{"line":14,"column":2},"end":{"line":14,"column":null}},"7":{"start":{"line":18,"column":27},"end":{"line":25,"column":null}},"8":{"start":{"line":48,"column":6},"end":{"line":48,"column":null}},"9":{"start":{"line":50,"column":2},"end":{"line":73,"column":null}},"10":{"start":{"line":51,"column":23},"end":{"line":51,"column":null}},"11":{"start":{"line":52,"column":23},"end":{"line":67,"column":null}},"12":{"start":{"line":69,"column":4},"end":{"line":69,"column":null}},"13":{"start":{"line":71,"column":4},"end":{"line":71,"column":null}},"14":{"start":{"line":72,"column":4},"end":{"line":72,"column":null}},"15":{"start":{"line":90,"column":18},"end":{"line":103,"column":null}},"16":{"start":{"line":92,"column":51},"end":{"line":92,"column":76}},"17":{"start":{"line":93,"column":52},"end":{"line":93,"column":65}},"18":{"start":{"line":94,"column":49},"end":{"line":94,"column":60}},"19":{"start":{"line":96,"column":50},"end":{"line":96,"column":85}},"20":{"start":{"line":97,"column":48},"end":{"line":97,"column":83}},"21":{"start":{"line":100,"column":16},"end":{"line":100,"column":53}},"22":{"start":{"line":102,"column":20},"end":{"line":102,"column":89}},"23":{"start":{"line":105,"column":17},"end":{"line":114,"column":null}},"24":{"start":{"line":123,"column":2},"end":{"line":138,"column":null}},"25":{"start":{"line":124,"column":21},"end":{"line":129,"column":null}},"26":{"start":{"line":131,"column":4},"end":{"line":131,"column":null}},"27":{"start":{"line":133,"column":4},"end":{"line":133,"column":null}},"28":{"start":{"line":134,"column":4},"end":{"line":137,"column":null}},"29":{"start":{"line":159,"column":25},"end":{"line":163,"column":null}},"30":{"start":{"line":160,"column":21},"end":{"line":160,"column":null}},"31":{"start":{"line":161,"column":4},"end":{"line":161,"column":null}},"32":{"start":{"line":162,"column":4},"end":{"line":162,"column":null}},"33":{"start":{"line":165,"column":24},"end":{"line":168,"column":null}},"34":{"start":{"line":166,"column":27},"end":{"line":166,"column":55}},"35":{"start":{"line":168,"column":34},"end":{"line":168,"column":73}},"36":{"start":{"line":170,"column":21},"end":{"line":170,"column":null}},"37":{"start":{"line":170,"column":55},"end":{"line":170,"column":80}},"38":{"start":{"line":172,"column":17},"end":{"line":180,"column":null}},"39":{"start":{"line":177,"column":27},"end":{"line":177,"column":79}},"40":{"start":{"line":189,"column":2},"end":{"line":204,"column":null}},"41":{"start":{"line":190,"column":21},"end":{"line":195,"column":null}},"42":{"start":{"line":197,"column":4},"end":{"line":197,"column":null}},"43":{"start":{"line":199,"column":4},"end":{"line":199,"column":null}},"44":{"start":{"line":200,"column":4},"end":{"line":203,"column":null}},"45":{"start":{"line":219,"column":23},"end":{"line":219,"column":null}},"46":{"start":{"line":219,"column":63},"end":{"line":219,"column":88}},"47":{"start":{"line":220,"column":30},"end":{"line":220,"column":null}},"48":{"start":{"line":222,"column":24},"end":{"line":222,"column":null}},"49":{"start":{"line":222,"column":66},"end":{"line":222,"column":91}},"50":{"start":{"line":223,"column":31},"end":{"line":223,"column":null}},"51":{"start":{"line":225,"column":17},"end":{"line":225,"column":null}},"52":{"start":{"line":227,"column":17},"end":{"line":232,"column":null}},"53":{"start":{"line":243,"column":2},"end":{"line":260,"column":null}},"54":{"start":{"line":244,"column":21},"end":{"line":249,"column":null}},"55":{"start":{"line":251,"column":4},"end":{"line":251,"column":null}},"56":{"start":{"line":253,"column":4},"end":{"line":253,"column":null}},"57":{"start":{"line":254,"column":4},"end":{"line":259,"column":null}}},"fnMap":{"0":{"name":"getGroqClient","decl":{"start":{"line":6,"column":9},"end":{"line":6,"column":25}},"loc":{"start":{"line":6,"column":25},"end":{"line":15,"column":null}},"line":6},"1":{"name":"generateGroqInsight","decl":{"start":{"line":39,"column":22},"end":{"line":39,"column":null}},"loc":{"start":{"line":42,"column":19},"end":{"line":74,"column":null}},"line":42},"2":{"name":"analyzeExpenseAnomalies","decl":{"start":{"line":79,"column":22},"end":{"line":79,"column":46}},"loc":{"start":{"line":88,"column":3},"end":{"line":139,"column":null}},"line":88},"3":{"name":"(anonymous_3)","decl":{"start":{"line":92,"column":36},"end":{"line":92,"column":37}},"loc":{"start":{"line":92,"column":51},"end":{"line":92,"column":76}},"line":92},"4":{"name":"(anonymous_4)","decl":{"start":{"line":93,"column":44},"end":{"line":93,"column":52}},"loc":{"start":{"line":93,"column":52},"end":{"line":93,"column":65}},"line":93},"5":{"name":"(anonymous_5)","decl":{"start":{"line":94,"column":41},"end":{"line":94,"column":49}},"loc":{"start":{"line":94,"column":49},"end":{"line":94,"column":60}},"line":94},"6":{"name":"(anonymous_6)","decl":{"start":{"line":96,"column":35},"end":{"line":96,"column":36}},"loc":{"start":{"line":96,"column":50},"end":{"line":96,"column":85}},"line":96},"7":{"name":"(anonymous_7)","decl":{"start":{"line":97,"column":33},"end":{"line":97,"column":34}},"loc":{"start":{"line":97,"column":48},"end":{"line":97,"column":83}},"line":97},"8":{"name":"(anonymous_8)","decl":{"start":{"line":100,"column":12},"end":{"line":100,"column":13}},"loc":{"start":{"line":100,"column":16},"end":{"line":100,"column":53}},"line":100},"9":{"name":"(anonymous_9)","decl":{"start":{"line":102,"column":11},"end":{"line":102,"column":20}},"loc":{"start":{"line":102,"column":20},"end":{"line":102,"column":89}},"line":102},"10":{"name":"generateExpenseOptimization","decl":{"start":{"line":144,"column":22},"end":{"line":144,"column":null}},"loc":{"start":{"line":157,"column":3},"end":{"line":205,"column":null}},"line":157},"11":{"name":"(anonymous_11)","decl":{"start":{"line":159,"column":44},"end":{"line":159,"column":45}},"loc":{"start":{"line":159,"column":59},"end":{"line":163,"column":5}},"line":159},"12":{"name":"(anonymous_12)","decl":{"start":{"line":166,"column":10},"end":{"line":166,"column":11}},"loc":{"start":{"line":166,"column":27},"end":{"line":166,"column":55}},"line":166},"13":{"name":"(anonymous_13)","decl":{"start":{"line":168,"column":9},"end":{"line":168,"column":10}},"loc":{"start":{"line":168,"column":34},"end":{"line":168,"column":73}},"line":168},"14":{"name":"(anonymous_14)","decl":{"start":{"line":170,"column":40},"end":{"line":170,"column":41}},"loc":{"start":{"line":170,"column":55},"end":{"line":170,"column":80}},"line":170},"15":{"name":"(anonymous_15)","decl":{"start":{"line":177,"column":20},"end":{"line":177,"column":27}},"loc":{"start":{"line":177,"column":27},"end":{"line":177,"column":79}},"line":177},"16":{"name":"generateExpenseInsights","decl":{"start":{"line":210,"column":22},"end":{"line":210,"column":null}},"loc":{"start":{"line":218,"column":3},"end":{"line":261,"column":null}},"line":218},"17":{"name":"(anonymous_17)","decl":{"start":{"line":219,"column":48},"end":{"line":219,"column":49}},"loc":{"start":{"line":219,"column":63},"end":{"line":219,"column":88}},"line":219},"18":{"name":"(anonymous_18)","decl":{"start":{"line":222,"column":51},"end":{"line":222,"column":52}},"loc":{"start":{"line":222,"column":66},"end":{"line":222,"column":91}},"line":222}},"branchMap":{"0":{"loc":{"start":{"line":7,"column":2},"end":{"line":13,"column":null}},"type":"if","locations":[{"start":{"line":7,"column":2},"end":{"line":13,"column":null}},{"start":{},"end":{}}],"line":7},"1":{"loc":{"start":{"line":8,"column":19},"end":{"line":8,"column":null}},"type":"binary-expr","locations":[{"start":{"line":8,"column":19},"end":{"line":8,"column":47}},{"start":{"line":8,"column":47},"end":{"line":8,"column":null}}],"line":8},"2":{"loc":{"start":{"line":9,"column":4},"end":{"line":11,"column":null}},"type":"if","locations":[{"start":{"line":9,"column":4},"end":{"line":11,"column":null}},{"start":{},"end":{}}],"line":9},"3":{"loc":{"start":{"line":41,"column":2},"end":{"line":41,"column":null}},"type":"default-arg","locations":[{"start":{"line":41,"column":29},"end":{"line":41,"column":null}}],"line":41},"4":{"loc":{"start":{"line":44,"column":4},"end":{"line":44,"column":null}},"type":"default-arg","locations":[{"start":{"line":44,"column":12},"end":{"line":44,"column":null}}],"line":44},"5":{"loc":{"start":{"line":45,"column":4},"end":{"line":45,"column":null}},"type":"default-arg","locations":[{"start":{"line":45,"column":18},"end":{"line":45,"column":null}}],"line":45},"6":{"loc":{"start":{"line":46,"column":4},"end":{"line":46,"column":null}},"type":"default-arg","locations":[{"start":{"line":46,"column":16},"end":{"line":46,"column":null}}],"line":46},"7":{"loc":{"start":{"line":47,"column":4},"end":{"line":47,"column":null}},"type":"default-arg","locations":[{"start":{"line":47,"column":19},"end":{"line":47,"column":null}}],"line":47},"8":{"loc":{"start":{"line":69,"column":11},"end":{"line":69,"column":null}},"type":"binary-expr","locations":[{"start":{"line":69,"column":11},"end":{"line":69,"column":54}},{"start":{"line":69,"column":54},"end":{"line":69,"column":null}}],"line":69},"9":{"loc":{"start":{"line":92,"column":58},"end":{"line":92,"column":76}},"type":"binary-expr","locations":[{"start":{"line":92,"column":58},"end":{"line":92,"column":72}},{"start":{"line":92,"column":72},"end":{"line":92,"column":76}}],"line":92},"10":{"loc":{"start":{"line":96,"column":50},"end":{"line":96,"column":85}},"type":"cond-expr","locations":[{"start":{"line":96,"column":68},"end":{"line":96,"column":80}},{"start":{"line":96,"column":80},"end":{"line":96,"column":85}}],"line":96},"11":{"loc":{"start":{"line":97,"column":48},"end":{"line":97,"column":83}},"type":"cond-expr","locations":[{"start":{"line":97,"column":66},"end":{"line":97,"column":78}},{"start":{"line":97,"column":78},"end":{"line":97,"column":83}}],"line":97},"12":{"loc":{"start":{"line":100,"column":23},"end":{"line":100,"column":40}},"type":"binary-expr","locations":[{"start":{"lin
[...]
,"/Users/paulgiurin/Documents/GitHub/dashboard/server/utils/tokenStore.ts": {"path":"/Users/paulgiurin/Documents/GitHub/dashboard/server/utils/tokenStore.ts","statementMap":{"0":{"start":{"line":5,"column":21},"end":{"line":5,"column":null}},"1":{"start":{"line":11,"column":14},"end":{"line":11,"column":null}},"2":{"start":{"line":14,"column":2},"end":{"line":34,"column":null}},"3":{"start":{"line":38,"column":14},"end":{"line":38,"column":null}},"4":{"start":{"line":40,"column":14},"end":{"line":51,"column":null}},"5":{"start":{"line":53,"column":2},"end":{"line":53,"column":null}},"6":{"start":{"line":53,"column":12},"end":{"line":53,"column":null}},"7":{"start":{"line":55,"column":2},"end":{"line":62,"column":null}},"8":{"start":{"line":66,"column":14},"end":{"line":66,"column":null}},"9":{"start":{"line":67,"column":2},"end":{"line":67,"column":null}},"10":{"start":{"line":74,"column":14},"end":{"line":74,"column":null}},"11":{"start":{"line":76,"column":2},"end":{"line":84,"column":null}},"12":{"start":{"line":88,"column":14},"end":{"line":88,"column":null}},"13":{"start":{"line":90,"column":14},"end":{"line":94,"column":null}},"14":{"start":{"line":96,"column":2},"end":{"line":96,"column":null}},"15":{"start":{"line":96,"column":12},"end":{"line":96,"column":null}},"16":{"start":{"line":98,"column":2},"end":{"line":101,"column":null}},"17":{"start":{"line":105,"column":19},"end":{"line":105,"column":null}},"18":{"start":{"line":106,"column":14},"end":{"line":106,"column":null}},"19":{"start":{"line":107,"column":16},"end":{"line":107,"column":null}},"20":{"start":{"line":108,"column":2},"end":{"line":110,"column":null}},"21":{"start":{"line":109,"column":4},"end":{"line":109,"column":null}},"22":{"start":{"line":112,"column":14},"end":{"line":112,"column":null}},"23":{"start":{"line":113,"column":2},"end":{"line":115,"column":null}},"24":{"start":{"line":114,"column":4},"end":{"line":114,"column":null}},"25":{"start":{"line":117,"column":2},"end":{"line":120,"column":null}},"26":{"start":{"line":118,"column":4},"end":{"line":118,"column":null}},"27":{"start":{"line":119,"column":4},"end":{"line":119,"column":null}},"28":{"start":{"line":121,"column":2},"end":{"line":123,"column":null}},"29":{"start":{"line":122,"column":4},"end":{"line":122,"column":null}},"30":{"start":{"line":125,"column":8},"end":{"line":145,"column":null}},"31":{"start":{"line":126,"column":4},"end":{"line":144,"column":null}},"32":{"start":{"line":127,"column":21},"end":{"line":127,"column":null}},"33":{"start":{"line":128,"column":6},"end":{"line":128,"column":null}},"34":{"start":{"line":129,"column":21},"end":{"line":129,"column":null}},"35":{"start":{"line":130,"column":12},"end":{"line":133,"column":null}},"36":{"start":{"line":134,"column":6},"end":{"line":134,"column":null}},"37":{"start":{"line":135,"column":6},"end":{"line":135,"column":null}},"38":{"start":{"line":137,"column":6},"end":{"line":137,"column":null}},"39":{"start":{"line":138,"column":6},"end":{"line":141,"column":null}},"40":{"start":{"line":143,"column":6},"end":{"line":143,"column":null}},"41":{"start":{"line":147,"column":2},"end":{"line":147,"column":null}},"42":{"start":{"line":148,"column":2},"end":{"line":148,"column":null}},"43":{"start":{"line":152,"column":12},"end":{"line":152,"column":null}},"44":{"start":{"line":153,"column":2},"end":{"line":164,"column":null}},"45":{"start":{"line":154,"column":19},"end":{"line":156,"column":null}},"46":{"start":{"line":157,"column":4},"end":{"line":157,"column":null}},"47":{"start":{"line":158,"column":4},"end":{"line":163,"column":null}},"48":{"start":{"line":165,"column":2},"end":{"line":165,"column":null}}},"fnMap":{"0":{"name":"setTokenForSession","decl":{"start":{"line":10,"column":22},"end":{"line":10,"column":41}},"loc":{"start":{"line":10,"column":78},"end":{"line":35,"column":null}},"line":10},"1":{"name":"getTokenForSession","decl":{"start":{"line":37,"column":22},"end":{"line":37,"column":41}},"loc":{"start":{"line":37,"column":92},"end":{"line":63,"column":null}},"line":37},"2":{"name":"clearTokenForSession","decl":{"start":{"line":65,"column":22},"end":{"line":65,"column":43}},"loc":{"start":{"line":65,"column":59},"end":{"line":68,"column":null}},"line":65},"3":{"name":"setTenantForSession","decl":{"start":{"line":73,"column":22},"end":{"line":73,"column":42}},"loc":{"start":{"line":73,"column":96},"end":{"line":85,"column":null}},"line":73},"4":{"name":"getTenantForSession","decl":{"start":{"line":87,"column":22},"end":{"line":87,"column":42}},"loc":{"start":{"line":87,"column":121},"end":{"line":102,"column":null}},"line":87},"5":{"name":"getActiveTokenForSession","decl":{"start":{"line":104,"column":22},"end":{"line":104,"column":47}},"loc":{"start":{"line":104,"column":120},"end":{"line":149,"column":null}},"line":104},"6":{"name":"(anonymous_6)","decl":{"start":{"line":125,"column":26},"end":{"line":125,"column":38}},"loc":{"start":{"line":125,"column":38},"end":{"line":145,"column":5}},"line":125},"7":{"name":"getSessionId","decl":{"start":{"line":151,"column":16},"end":{"line":151,"column":29}},"loc":{"start":{"line":151,"column":53},"end":{"line":166,"column":null}},"line":151}},"branchMap":{"0":{"loc":{"start":{"line":53,"column":2},"end":{"line":53,"column":null}},"type":"if","locations":[{"start":{"line":53,"column":2},"end":{"line":53,"column":null}},{"start":{},"end":{}}],"line":53},"1":{"loc":{"start":{"line":57,"column":19},"end":{"line":57,"column":null}},"type":"binary-expr","locations":[{"start":{"line":57,"column":19},"end":{"line":57,"column":40}},{"start":{"line":57,"column":40},"end":{"line":57,"column":null}}],"line":57},"2":{"loc":{"start":{"line":58,"column":14},"end":{"line":58,"column":null}},"type":"binary-expr","locations":[{"start":{"line":58,"column":14},"end":{"line":58,"column":30}},{"start":{"line":58,"column":30},"end":{"line":58,"column":null}}],"line":58},"3":{"loc":{"start":{"line":60,"column":11},"end":{"line":60,"column":null}},"type":"binary-expr","locations":[{"start":{"line":60,"column":11},"end":{"line":60,"column":24}},{"start":{"line":60,"column":24},"end":{"line":60,"column":null}}],"line":60},"4":{"loc":{"start":{"line":61,"column":16},"end":{"line":61,"column":null}},"type":"binary-expr","locations":[{"start":{"line":61,"column":16},"end":{"line":61,"column":34}},{"start":{"line":61,"column":34},"end":{"line":61,"column":null}}],"line":61},"5":{"loc":{"start":{"line":96,"column":2},"end":{"line":96,"column":null}},"type":"if","locations":[{"start":{"line":96,"column":2},"end":{"line":96,"column":null}},{"start":{},"end":{}}],"line":96},"6":{"loc":{"start":{"line":104,"column":63},"end":{"line":104,"column":120}},"type":"default-arg","locations":[{"start":{"line":104,"column":93},"end":{"line":104,"column":120}}],"line":104},"7":{"loc":{"start":{"line":105,"column":19},"end":{"line":105,"column":null}},"type":"cond-expr","locations":[{"start":{"line":105,"column":55},"end":{"line":105,"column":71}},{"start":{"line":105,"column":71},"end":{"line":105,"column":null}}],"line":105},"8":{"loc":{"start":{"line":108,"column":2},"end":{"line":110,"column":null}},"type":"if","locations":[{"start":{"line":108,"column":2},"end":{"line":110,"column":null}},{"start":{},"end":{}}],"line":108},"9":{"loc":{"start":{"line":113,"column":2},"end":{"line":115,"column":null}},"type":"if","locations":[{"start":{"line":113,"column":2},"end":{"line":115,"column":null}},{"start":{},"end":{}}],"line":113},"10":{"loc":{"start":{"line":117,"column":2},"end":{"line":120,"column":null}},"type":"if","locations":[{"start":{"line":117,"column":2},"end":{"line":120,"column":null}},{"start":{},"end":{}}],"line":117},"11":{"loc":{"start":{"line":121,"column":2},"end":{"line":123,"column":null}},"type":"if","locations":[{"start":{"line":121,"column":2},"end":{"line":123,"column":null}},{"start":{},"end":{}}],"line":121},"12":{"loc":{"start":{"line":132,"column":23},"end":{"line":132,"column":null}},"type":"binary-expr","locations":[{"start":{"line":132,"column":23},"end":{"line":132,"column":47}},{"start":{"line":132,"column":47},"end":{"line":132,"column":null}}],"line":132},"13":{"loc":{"start":{"line":153,"column":2},"end":{"line":164,"column":null}},"type":"if","locations":[{"start":{"line":153,"column":2},"end":{"line":164,"column":null}},{"start":{},"end":{}}],"line":153},"14":{"loc":{"start":{"line":154,"column":19},"end":{"line":156,"column":null}},"type":"cond-expr","locations":[{"start":{"line":155,"column":9},"end":{"line":155,"column":null}},{"start":{"line":156,"column":8},"end":{"line":156,"column":null}}],"line":154},"15":{"loc":{"start":{"line":154,"column":19},"end":{"line":154,"column":null}},"type":"binary-expr","locations":[{"start":{"line":154,"column":19},"end":{"line":154,"column":52}},{"start":{"line":154,"column":52},"end":{"line":154,"column":null}}],"line":154}},"s":{"0":0,"1":0,"2":0,"3":0,"4":0,"5":0,"6":0,"7":0,"8":0,"9":0,"10":0,"11":0,"12":0,"13":0,"14":0,"15":0,"16":0,"17":0,"18":0,"19":0,"20":0,"21":0,"22":0,"23":0,"24":0,"25":0,"26":0,"27":0,"28":0,"29":0,"30":0,"31":0,"32":0,"33":0,"34":0,"35":0,"36":0,"37":0,"38":0,"39":0,"40":0,"41":0,"42":0,"43":0,"44":0,"45":0,"46":0,"47":0,"48":0},"f":{"0":0,"1":0,"2":0,"3":0,"4":0,"5":0,"6":0,"7":0},"b":{"0":[0,0],"1":[0,0],"2":[0,0],"3":[0,0],"4":[0,0],"5":[0,0],"6":[0],"7":[0,0],"8":[0,0],"9":[0,0],"10":[0,0],"11":[0,0],"12":[0,0],"13":[0,0],"14":[0,0],"15":[0,0]},"meta":{"lastBranch":16,"lastFunction":8,"lastStatement":49,"seen":{"s:5:21:5:Infinity":0,"f:10:22:10:41":0,"s:11:14:11:Infinity":1,"s:14:2:34:Infinity":2,"f:37:22:37:41":1,"s:38:14:38:Infinity":3,"s:40:14:51:Infinity":4,"b:53:2:53:Infinity:undefined:undefined:undefined:undefined":0,"s:53:2:53:Infinity":5,"s:53:12:53:Infinity":6,"s:55:2:62:Infinity":7,"b:57:19:57:40:57:40:57:Infinity":1,"b:58:14:58:30:58:30:58:Infinity":2,"b:60:11:60:24:60:24:60:Infinity":3,"b:61:16:61:34:61:34:61:Infinity":4,"f:65:22:65:43":2,"s:66:14:66:Infinity":8,"s:67:2:67:Infinity":9,"f:73:22:73:42":3,"s:74:14:74:Infinity":10,"s:76:2:84:Infinity":11,"f:87:22:87:42":4,"s:88:14:88:Infinity":12,"s:90:14:94:Infinity":13,"b:96:2:96:Infinity:undefined:undefined:undefined:undefined":5,"s:96:2:96:Infinity":14,"s:96:12:96:Infinity":15,"s:98:2:101:Infinity":16,"f:104:22:104:47":5,"b:104:93:104:120":6,"s:105:19:105:Infinity":17,"b:105:55:105:71:105:71:105:Infinity":7,"s:106:14:106:Infinity":18,"s:107:16:107:Infinity":19,"b:108:2:110:Infinity:undefined:undefined:undefined:undefined":8,"s:108:2:110:Infinity":20,"s:109:4:109:Infinity":21,"s:112:14:112:Infinity":22,"b:113:2:115:Infinity:undefined:undefined:undefined:undefined":9,"s:113:2:115:Infinity":23,"s:114:4:114:Infinity":24,"b:117:2:120:Infinity:undefined:undefined:undefined:undefined":10,"s:117:2:120:Infinity":25,"s:118:4:118:Infinity":26,"s:119:4:119:Infinity":27,"b:121:2:123:Infinity:undefined:undefined:undefined:undefined":11,"s:121:2:123:Infinity":28,"s:122:4:122:Infinity":29,"s:125:8:145:Infinity":30,"f:125:26:125:38":6,"s:126:4:144:Infinity":31,"s:127:21:127:Infinity":32,"s:128:6:128:Infinity":33,"s:129:21:129:Infinity":34,"s:130:12:133:Infinity":35,"b:132:23:132:47:132:47:132:Infinity":12,"s:134:6:134:Infinity":36,"s:135:6:135:Infinity":37,"s:137:6:137:Infinity":38,"s:138:6:141:Infinity":39,"s:143:6:143:Infinity":40,"s:147:2:147:Infinity":41,"s:148:2:148:Infinity":42,"f:151:16:151:29":7,"s:152:12:152:Infinity":43,"b:153:2:164:Infinity:undefined:undefined:undefined:undefined":13,"s:153:2:164:Infinity":44,"s:154:19:156:Infinity":45,"b:155:9:155:Infinity:156:8:156:Infinity":14,"b:154:19:154:52:154:52:154:Infinity":15,"s:157:4:157:Infinity":46,"s:158:4:163:Infinity":47,"s:165:2:165:Infinity":48}}}
,"/Users/paulgiurin/Documents/GitHub/dashboard/server/utils/xeroClient.ts": {"path":"/Users/paulgiurin/Documents/GitHub/dashboard/server/utils/xeroClient.ts","statementMap":{"0":{"start":{"line":6,"column":23},"end":{"line":12,"column":null}},"1":{"start":{"line":25,"column":17},"end":{"line":25,"column":null}},"2":{"start":{"line":26,"column":19},"end":{"line":26,"column":null}},"3":{"start":{"line":27,"column":23},"end":{"line":27,"column":null}},"4":{"start":{"line":28,"column":20},"end":{"line":28,"column":null}},"5":{"start":{"line":29,"column":22},"end":{"line":29,"column":null}},"6":{"start":{"line":31,"column":2},"end":{"line":33,"column":null}},"7":{"start":{"line":32,"column":4},"end":{"line":32,"column":null}},"8":{"start":{"line":36,"column":2},"end":{"line":44,"column":null}},"9":{"start":{"line":37,"column":4},"end":{"line":43,"column":null}},"10":{"start":{"line":38,"column":12},"end":{"line":38,"column":null}},"11":{"start":{"line":39,"column":6},"end":{"line":39,"column":null}},"12":{"start":{"line":42,"column":6},"end":{"line":42,"column":null}},"13":{"start":{"line":46,"column":17},"end":{"line":53,"column":null}},"14":{"start":{"line":55,"column":2},"end":{"line":65,"column":null}},"15":{"start":{"line":56,"column":4},"end":{"line":56,"column":null}},"16":{"start":{"line":58,"column":4},"end":{"line":63,"column":null}},"17":{"start":{"line":59,"column":6},"end":{"line":62,"column":null}},"18":{"start":{"line":64,"column":4},"end":{"line":64,"column":null}},"19":{"start":{"line":67,"column":2},"end":{"line":69,"column":null}},"20":{"start":{"line":68,"column":4},"end":{"line":68,"column":null}},"21":{"start":{"line":71,"column":2},"end":{"line":73,"column":null}},"22":{"start":{"line":72,"column":4},"end":{"line":72,"column":null}},"23":{"start":{"line":75,"column":2},"end":{"line":75,"column":null}},"24":{"start":{"line":79,"column":2},"end":{"line":81,"column":null}},"25":{"start":{"line":80,"column":4},"end":{"line":80,"column":null}},"26":{"start":{"line":82,"column":2},"end":{"line":85,"column":null}},"27":{"start":{"line":89,"column":2},"end":{"line":92,"column":null}}},"fnMap":{"0":{"name":"createXeroClient","decl":{"start":{"line":24,"column":22},"end":{"line":24,"column":39}},"loc":{"start":{"line":24,"column":74},"end":{"line":76,"column":null}},"line":24},"1":{"name":"toStoredTokenSet","decl":{"start":{"line":78,"column":16},"end":{"line":78,"column":33}},"loc":{"start":{"line":78,"column":64},"end":{"line":86,"column":null}},"line":78},"2":{"name":"toTokenSet","decl":{"start":{"line":88,"column":16},"end":{"line":88,"column":27}},"loc":{"start":{"line":88,"column":59},"end":{"line":93,"column":null}},"line":88}},"branchMap":{"0":{"loc":{"start":{"line":24,"column":39},"end":{"line":24,"column":74}},"type":"default-arg","locations":[{"start":{"line":24,"column":70},"end":{"line":24,"column":74}}],"line":24},"1":{"loc":{"start":{"line":29,"column":29},"end":{"line":29,"column":60}},"type":"binary-expr","locations":[{"start":{"line":29,"column":29},"end":{"line":29,"column":55}},{"start":{"line":29,"column":55},"end":{"line":29,"column":60}}],"line":29},"2":{"loc":{"start":{"line":31,"column":2},"end":{"line":33,"column":null}},"type":"if","locations":[{"start":{"line":31,"column":2},"end":{"line":33,"column":null}},{"start":{},"end":{}}],"line":31},"3":{"loc":{"start":{"line":31,"column":6},"end":{"line":31,"column":50}},"type":"binary-expr","locations":[{"start":{"line":31,"column":6},"end":{"line":31,"column":19}},{"start":{"line":31,"column":19},"end":{"line":31,"column":36}},{"start":{"line":31,"column":36},"end":{"line":31,"column":50}}],"line":31},"4":{"loc":{"start":{"line":36,"column":2},"end":{"line":44,"column":null}},"type":"if","locations":[{"start":{"line":36,"column":2},"end":{"line":44,"column":null}},{"start":{},"end":{}}],"line":36},"5":{"loc":{"start":{"line":37,"column":4},"end":{"line":43,"column":null}},"type":"if","locations":[{"start":{"line":37,"column":4},"end":{"line":43,"column":null}},{"start":{"line":40,"column":11},"end":{"line":43,"column":null}}],"line":37},"6":{"loc":{"start":{"line":58,"column":4},"end":{"line":63,"column":null}},"type":"if","locations":[{"start":{"line":58,"column":4},"end":{"line":63,"column":null}},{"start":{},"end":{}}],"line":58},"7":{"loc":{"start":{"line":67,"column":2},"end":{"line":69,"column":null}},"type":"if","locations":[{"start":{"line":67,"column":2},"end":{"line":69,"column":null}},{"start":{},"end":{}}],"line":67},"8":{"loc":{"start":{"line":71,"column":2},"end":{"line":73,"column":null}},"type":"if","locations":[{"start":{"line":71,"column":2},"end":{"line":73,"column":null}},{"start":{},"end":{}}],"line":71},"9":{"loc":{"start":{"line":71,"column":6},"end":{"line":71,"column":38}},"type":"binary-expr","locations":[{"start":{"line":71,"column":6},"end":{"line":71,"column":23}},{"start":{"line":71,"column":23},"end":{"line":71,"column":38}}],"line":71},"10":{"loc":{"start":{"line":79,"column":2},"end":{"line":81,"column":null}},"type":"if","locations":[{"start":{"line":79,"column":2},"end":{"line":81,"column":null}},{"start":{},"end":{}}],"line":79}},"s":{"0":0,"1":0,"2":0,"3":0,"4":0,"5":0,"6":0,"7":0,"8":0,"9":0,"10":0,"11":0,"12":0,"13":0,"14":0,"15":0,"16":0,"17":0,"18":0,"19":0,"20":0,"21":0,"22":0,"23":0,"24":0,"25":0,"26":0,"27":0},"f":{"0":0,"1":0,"2":0},"b":{"0":[0],"1":[0,0],"2":[0,0],"3":[0,0,0],"4":[0,0],"5":[0,0],"6":[0,0],"7":[0,0],"8":[0,0],"9":[0,0],"10":[0,0]},"meta":{"lastBranch":11,"lastFunction":3,"lastStatement":28,"seen":{"s:6:23:12:Infinity":0,"f:24:22:24:39":0,"b:24:70:24:74":0,"s:25:17:25:Infinity":1,"s:26:19:26:Infinity":2,"s:27:23:27:Infinity":3,"s:28:20:28:Infinity":4,"s:29:22:29:Infinity":5,"b:29:29:29:55:29:55:29:60":1,"b:31:2:33:Infinity:undefined:undefined:undefined:undefined":2,"s:31:2:33:Infinity":6,"b:31:6:31:19:31:19:31:36:31:36:31:50":3,"s:32:4:32:Infinity":7,"b:36:2:44:Infinity:undefined:undefined:undefined:undefined":4,"s:36:2:44:Infinity":8,"b:37:4:43:Infinity:40:11:43:Infinity":5,"s:37:4:43:Infinity":9,"s:38:12:38:Infinity":10,"s:39:6:39:Infinity":11,"s:42:6:42:Infinity":12,"s:46:17:53:Infinity":13,"s:55:2:65:Infinity":14,"s:56:4:56:Infinity":15,"b:58:4:63:Infinity:undefined:undefined:undefined:undefined":6,"s:58:4:63:Infinity":16,"s:59:6:62:Infinity":17,"s:64:4:64:Infinity":18,"b:67:2:69:Infinity:undefined:undefined:undefined:undefined":7,"s:67:2:69:Infinity":19,"s:68:4:68:Infinity":20,"b:71:2:73:Infinity:undefined:undefined:undefined:undefined":8,"s:71:2:73:Infinity":21,"b:71:6:71:23:71:23:71:38":9,"s:72:4:72:Infinity":22,"s:75:2:75:Infinity":23,"f:78:16:78:33":1,"b:79:2:81:Infinity:undefined:undefined:undefined:undefined":10,"s:79:2:81:Infinity":24,"s:80:4:80:Infinity":25,"s:82:2:85:Infinity":26,"f:88:16:88:27":2,"s:89:2:92:Infinity":27}}}
}
